ARM GAS  C:\Users\user\AppData\Local\Temp\ccGuBrkU.s 			page 1


   1              		.syntax unified
   2              		.cpu cortex-m3
   3              		.fpu softvfp
   4              		.eabi_attribute 20, 1
   5              		.eabi_attribute 21, 1
   6              		.eabi_attribute 23, 3
   7              		.eabi_attribute 24, 1
   8              		.eabi_attribute 25, 1
   9              		.eabi_attribute 26, 1
  10              		.eabi_attribute 30, 1
  11              		.eabi_attribute 34, 1
  12              		.eabi_attribute 18, 4
  13              		.thumb
  14              		.syntax unified
  15              		.file	"cymetadata.c"
  16              		.text
  17              	.Ltext0:
  18              		.cfi_sections	.debug_frame
  19              		.global	cy_metadata
  20              		.global	cy_meta_flashprotect
  21              		.global	cy_meta_wonvl
  22              		.global	cy_meta_custnvl
  23              		.global	cy_meta_configecc
  24              		.section	.cyconfigecc,"a",%progbits
  25              		.align	2
  26              		.type	cy_meta_configecc, %object
  27              		.size	cy_meta_configecc, 968
  28              	cy_meta_configecc:
  29 0000 03       		.byte	3
  30 0001 52       		.byte	82
  31 0002 00       		.byte	0
  32 0003 40       		.byte	64
  33 0004 01       		.byte	1
  34 0005 64       		.byte	100
  35 0006 00       		.byte	0
  36 0007 40       		.byte	64
  37 0008 02       		.byte	2
  38 0009 65       		.byte	101
  39 000a 00       		.byte	0
  40 000b 40       		.byte	64
  41 000c 4C       		.byte	76
  42 000d 06       		.byte	6
  43 000e 01       		.byte	1
  44 000f 40       		.byte	64
  45 0010 36       		.byte	54
  46 0011 07       		.byte	7
  47 0012 01       		.byte	1
  48 0013 40       		.byte	64
  49 0014 51       		.byte	81
  50 0015 14       		.byte	20
  51 0016 01       		.byte	1
  52 0017 40       		.byte	64
  53 0018 43       		.byte	67
  54 0019 15       		.byte	21
  55 001a 01       		.byte	1
  56 001b 40       		.byte	64
  57 001c 45       		.byte	69
ARM GAS  C:\Users\user\AppData\Local\Temp\ccGuBrkU.s 			page 2


  58 001d 16       		.byte	22
  59 001e 01       		.byte	1
  60 001f 40       		.byte	64
  61 0020 43       		.byte	67
  62 0021 17       		.byte	23
  63 0022 01       		.byte	1
  64 0023 40       		.byte	64
  65 0024 02       		.byte	2
  66 0025 40       		.byte	64
  67 0026 01       		.byte	1
  68 0027 40       		.byte	64
  69 0028 01       		.byte	1
  70 0029 41       		.byte	65
  71 002a 01       		.byte	1
  72 002b 40       		.byte	64
  73 002c 01       		.byte	1
  74 002d 42       		.byte	66
  75 002e 01       		.byte	1
  76 002f 40       		.byte	64
  77 0030 03       		.byte	3
  78 0031 43       		.byte	67
  79 0032 01       		.byte	1
  80 0033 40       		.byte	64
  81 0034 09       		.byte	9
  82 0035 49       		.byte	73
  83 0036 01       		.byte	1
  84 0037 40       		.byte	64
  85 0038 04       		.byte	4
  86 0039 50       		.byte	80
  87 003a 01       		.byte	1
  88 003b 40       		.byte	64
  89 003c 01       		.byte	1
  90 003d 51       		.byte	81
  91 003e 01       		.byte	1
  92 003f 40       		.byte	64
  93 0040 18       		.byte	24
  94 0041 08       		.byte	8
  95 0042 19       		.byte	25
  96 0043 08       		.byte	8
  97 0044 1C       		.byte	28
  98 0045 04       		.byte	4
  99 0046 86       		.byte	-122
 100 0047 0F       		.byte	15
 101 0048 84       		.byte	-124
 102 0049 38       		.byte	56
 103 004a 87       		.byte	-121
 104 004b 72       		.byte	114
 105 004c 00       		.byte	0
 106 004d 07       		.byte	7
 107 004e 08       		.byte	8
 108 004f 02       		.byte	2
 109 0050 0A       		.byte	10
 110 0051 04       		.byte	4
 111 0052 0F       		.byte	15
 112 0053 08       		.byte	8
 113 0054 12       		.byte	18
 114 0055 05       		.byte	5
ARM GAS  C:\Users\user\AppData\Local\Temp\ccGuBrkU.s 			page 3


 115 0056 13       		.byte	19
 116 0057 05       		.byte	5
 117 0058 15       		.byte	21
 118 0059 03       		.byte	3
 119 005a 16       		.byte	22
 120 005b 04       		.byte	4
 121 005c 17       		.byte	23
 122 005d 0C       		.byte	12
 123 005e 19       		.byte	25
 124 005f 0A       		.byte	10
 125 0060 1B       		.byte	27
 126 0061 04       		.byte	4
 127 0062 24       		.byte	36
 128 0063 07       		.byte	7
 129 0064 25       		.byte	37
 130 0065 03       		.byte	3
 131 0066 27       		.byte	39
 132 0067 04       		.byte	4
 133 0068 2D       		.byte	45
 134 0069 03       		.byte	3
 135 006a 2F       		.byte	47
 136 006b 04       		.byte	4
 137 006c 30       		.byte	48
 138 006d 04       		.byte	4
 139 006e 32       		.byte	50
 140 006f 03       		.byte	3
 141 0070 35       		.byte	53
 142 0071 0F       		.byte	15
 143 0072 38       		.byte	56
 144 0073 08       		.byte	8
 145 0074 3B       		.byte	59
 146 0075 20       		.byte	32
 147 0076 3E       		.byte	62
 148 0077 05       		.byte	5
 149 0078 54       		.byte	84
 150 0079 01       		.byte	1
 151 007a 58       		.byte	88
 152 007b 04       		.byte	4
 153 007c 59       		.byte	89
 154 007d 04       		.byte	4
 155 007e 5B       		.byte	91
 156 007f 04       		.byte	4
 157 0080 5F       		.byte	95
 158 0081 01       		.byte	1
 159 0082 80       		.byte	-128
 160 0083 01       		.byte	1
 161 0084 86       		.byte	-122
 162 0085 13       		.byte	19
 163 0086 87       		.byte	-121
 164 0087 02       		.byte	2
 165 0088 88       		.byte	-120
 166 0089 1F       		.byte	31
 167 008a 89       		.byte	-119
 168 008b 0E       		.byte	14
 169 008c 8D       		.byte	-115
 170 008d 02       		.byte	2
 171 008e 8F       		.byte	-113
ARM GAS  C:\Users\user\AppData\Local\Temp\ccGuBrkU.s 			page 4


 172 008f 0C       		.byte	12
 173 0090 90       		.byte	-112
 174 0091 03       		.byte	3
 175 0092 94       		.byte	-108
 176 0093 0C       		.byte	12
 177 0094 95       		.byte	-107
 178 0095 0C       		.byte	12
 179 0096 98       		.byte	-104
 180 0097 04       		.byte	4
 181 0098 99       		.byte	-103
 182 0099 04       		.byte	4
 183 009a 9C       		.byte	-100
 184 009b 13       		.byte	19
 185 009c 9D       		.byte	-99
 186 009d 08       		.byte	8
 187 009e 9E       		.byte	-98
 188 009f 0C       		.byte	12
 189 00a0 A0       		.byte	-96
 190 00a1 08       		.byte	8
 191 00a2 A1       		.byte	-95
 192 00a3 0C       		.byte	12
 193 00a4 A3       		.byte	-93
 194 00a5 02       		.byte	2
 195 00a6 A4       		.byte	-92
 196 00a7 0C       		.byte	12
 197 00a8 A6       		.byte	-90
 198 00a9 13       		.byte	19
 199 00aa A8       		.byte	-88
 200 00ab 02       		.byte	2
 201 00ac A9       		.byte	-87
 202 00ad 0E       		.byte	14
 203 00ae AC       		.byte	-84
 204 00af 0F       		.byte	15
 205 00b0 AD       		.byte	-83
 206 00b1 01       		.byte	1
 207 00b2 AE       		.byte	-82
 208 00b3 10       		.byte	16
 209 00b4 B0       		.byte	-80
 210 00b5 0F       		.byte	15
 211 00b6 B5       		.byte	-75
 212 00b7 01       		.byte	1
 213 00b8 B6       		.byte	-74
 214 00b9 1C       		.byte	28
 215 00ba B7       		.byte	-73
 216 00bb 0E       		.byte	14
 217 00bc BA       		.byte	-70
 218 00bd A2       		.byte	-94
 219 00be BF       		.byte	-65
 220 00bf 10       		.byte	16
 221 00c0 C0       		.byte	-64
 222 00c1 03       		.byte	3
 223 00c2 C7       		.byte	-57
 224 00c3 04       		.byte	4
 225 00c4 C9       		.byte	-55
 226 00c5 FF       		.byte	-1
 227 00c6 CA       		.byte	-54
 228 00c7 07       		.byte	7
ARM GAS  C:\Users\user\AppData\Local\Temp\ccGuBrkU.s 			page 5


 229 00c8 CB       		.byte	-53
 230 00c9 FF       		.byte	-1
 231 00ca CC       		.byte	-52
 232 00cb 40       		.byte	64
 233 00cc CD       		.byte	-51
 234 00cd 20       		.byte	32
 235 00ce CE       		.byte	-50
 236 00cf F0       		.byte	-16
 237 00d0 CF       		.byte	-49
 238 00d1 05       		.byte	5
 239 00d2 D0       		.byte	-48
 240 00d3 08       		.byte	8
 241 00d4 D8       		.byte	-40
 242 00d5 04       		.byte	4
 243 00d6 D9       		.byte	-39
 244 00d7 04       		.byte	4
 245 00d8 DA       		.byte	-38
 246 00d9 04       		.byte	4
 247 00da DF       		.byte	-33
 248 00db 01       		.byte	1
 249 00dc E0       		.byte	-32
 250 00dd 40       		.byte	64
 251 00de E1       		.byte	-31
 252 00df A8       		.byte	-88
 253 00e0 E2       		.byte	-30
 254 00e1 40       		.byte	64
 255 00e2 E3       		.byte	-29
 256 00e3 20       		.byte	32
 257 00e4 00       		.byte	0
 258 00e5 04       		.byte	4
 259 00e6 01       		.byte	1
 260 00e7 20       		.byte	32
 261 00e8 03       		.byte	3
 262 00e9 80       		.byte	-128
 263 00ea 05       		.byte	5
 264 00eb 10       		.byte	16
 265 00ec 06       		.byte	6
 266 00ed 80       		.byte	-128
 267 00ee 07       		.byte	7
 268 00ef 40       		.byte	64
 269 00f0 08       		.byte	8
 270 00f1 14       		.byte	20
 271 00f2 0B       		.byte	11
 272 00f3 41       		.byte	65
 273 00f4 0D       		.byte	13
 274 00f5 02       		.byte	2
 275 00f6 0F       		.byte	15
 276 00f7 20       		.byte	32
 277 00f8 10       		.byte	16
 278 00f9 80       		.byte	-128
 279 00fa 11       		.byte	17
 280 00fb 08       		.byte	8
 281 00fc 12       		.byte	18
 282 00fd 09       		.byte	9
 283 00fe 17       		.byte	23
 284 00ff 04       		.byte	4
 285 0100 18       		.byte	24
ARM GAS  C:\Users\user\AppData\Local\Temp\ccGuBrkU.s 			page 6


 286 0101 80       		.byte	-128
 287 0102 19       		.byte	25
 288 0103 A0       		.byte	-96
 289 0104 1B       		.byte	27
 290 0105 40       		.byte	64
 291 0106 1E       		.byte	30
 292 0107 50       		.byte	80
 293 0108 20       		.byte	32
 294 0109 02       		.byte	2
 295 010a 23       		.byte	35
 296 010b 04       		.byte	4
 297 010c 27       		.byte	39
 298 010d 04       		.byte	4
 299 010e 28       		.byte	40
 300 010f 02       		.byte	2
 301 0110 29       		.byte	41
 302 0111 20       		.byte	32
 303 0112 2A       		.byte	42
 304 0113 41       		.byte	65
 305 0114 2B       		.byte	43
 306 0115 40       		.byte	64
 307 0116 2E       		.byte	46
 308 0117 80       		.byte	-128
 309 0118 2F       		.byte	47
 310 0119 20       		.byte	32
 311 011a 30       		.byte	48
 312 011b B4       		.byte	-76
 313 011c 31       		.byte	49
 314 011d 04       		.byte	4
 315 011e 35       		.byte	53
 316 011f 10       		.byte	16
 317 0120 36       		.byte	54
 318 0121 02       		.byte	2
 319 0122 37       		.byte	55
 320 0123 04       		.byte	4
 321 0124 38       		.byte	56
 322 0125 84       		.byte	-124
 323 0126 3A       		.byte	58
 324 0127 10       		.byte	16
 325 0128 3D       		.byte	61
 326 0129 80       		.byte	-128
 327 012a 42       		.byte	66
 328 012b 10       		.byte	16
 329 012c 44       		.byte	68
 330 012d 20       		.byte	32
 331 012e 45       		.byte	69
 332 012f 04       		.byte	4
 333 0130 46       		.byte	70
 334 0131 10       		.byte	16
 335 0132 51       		.byte	81
 336 0133 02       		.byte	2
 337 0134 52       		.byte	82
 338 0135 06       		.byte	6
 339 0136 5C       		.byte	92
 340 0137 02       		.byte	2
 341 0138 5E       		.byte	94
 342 0139 40       		.byte	64
ARM GAS  C:\Users\user\AppData\Local\Temp\ccGuBrkU.s 			page 7


 343 013a 5F       		.byte	95
 344 013b 14       		.byte	20
 345 013c 80       		.byte	-128
 346 013d 40       		.byte	64
 347 013e 83       		.byte	-125
 348 013f 01       		.byte	1
 349 0140 C0       		.byte	-64
 350 0141 5E       		.byte	94
 351 0142 C2       		.byte	-62
 352 0143 3F       		.byte	63
 353 0144 C4       		.byte	-60
 354 0145 2F       		.byte	47
 355 0146 CA       		.byte	-54
 356 0147 5D       		.byte	93
 357 0148 CC       		.byte	-52
 358 0149 EE       		.byte	-18
 359 014a CE       		.byte	-50
 360 014b 1E       		.byte	30
 361 014c D0       		.byte	-48
 362 014d 02       		.byte	2
 363 014e D6       		.byte	-42
 364 014f F0       		.byte	-16
 365 0150 02       		.byte	2
 366 0151 02       		.byte	2
 367 0152 05       		.byte	5
 368 0153 21       		.byte	33
 369 0154 06       		.byte	6
 370 0155 04       		.byte	4
 371 0156 07       		.byte	7
 372 0157 1A       		.byte	26
 373 0158 09       		.byte	9
 374 0159 73       		.byte	115
 375 015a 0C       		.byte	12
 376 015b 01       		.byte	1
 377 015c 0D       		.byte	13
 378 015d 80       		.byte	-128
 379 015e 11       		.byte	17
 380 015f 10       		.byte	16
 381 0160 12       		.byte	18
 382 0161 01       		.byte	1
 383 0162 13       		.byte	19
 384 0163 64       		.byte	100
 385 0164 15       		.byte	21
 386 0165 42       		.byte	66
 387 0166 16       		.byte	22
 388 0167 04       		.byte	4
 389 0168 17       		.byte	23
 390 0169 19       		.byte	25
 391 016a 19       		.byte	25
 392 016b 73       		.byte	115
 393 016c 1A       		.byte	26
 394 016d 01       		.byte	1
 395 016e 22       		.byte	34
 396 016f 02       		.byte	2
 397 0170 25       		.byte	37
 398 0171 80       		.byte	-128
 399 0172 28       		.byte	40
ARM GAS  C:\Users\user\AppData\Local\Temp\ccGuBrkU.s 			page 8


 400 0173 01       		.byte	1
 401 0174 29       		.byte	41
 402 0175 80       		.byte	-128
 403 0176 2D       		.byte	45
 404 0177 80       		.byte	-128
 405 0178 31       		.byte	49
 406 0179 70       		.byte	112
 407 017a 32       		.byte	50
 408 017b 01       		.byte	1
 409 017c 33       		.byte	51
 410 017d 03       		.byte	3
 411 017e 34       		.byte	52
 412 017f 04       		.byte	4
 413 0180 35       		.byte	53
 414 0181 80       		.byte	-128
 415 0182 36       		.byte	54
 416 0183 02       		.byte	2
 417 0184 37       		.byte	55
 418 0185 0C       		.byte	12
 419 0186 38       		.byte	56
 420 0187 08       		.byte	8
 421 0188 3E       		.byte	62
 422 0189 50       		.byte	80
 423 018a 3F       		.byte	63
 424 018b 50       		.byte	80
 425 018c 40       		.byte	64
 426 018d 42       		.byte	66
 427 018e 41       		.byte	65
 428 018f 06       		.byte	6
 429 0190 42       		.byte	66
 430 0191 05       		.byte	5
 431 0192 44       		.byte	68
 432 0193 01       		.byte	1
 433 0194 45       		.byte	69
 434 0195 CE       		.byte	-50
 435 0196 48       		.byte	72
 436 0197 03       		.byte	3
 437 0198 49       		.byte	73
 438 0199 FF       		.byte	-1
 439 019a 4A       		.byte	74
 440 019b FF       		.byte	-1
 441 019c 4B       		.byte	75
 442 019d FF       		.byte	-1
 443 019e 4C       		.byte	76
 444 019f 62       		.byte	98
 445 01a0 4D       		.byte	77
 446 01a1 A0       		.byte	-96
 447 01a2 4E       		.byte	78
 448 01a3 F0       		.byte	-16
 449 01a4 4F       		.byte	79
 450 01a5 41       		.byte	65
 451 01a6 50       		.byte	80
 452 01a7 0C       		.byte	12
 453 01a8 54       		.byte	84
 454 01a9 18       		.byte	24
 455 01aa 58       		.byte	88
 456 01ab 04       		.byte	4
ARM GAS  C:\Users\user\AppData\Local\Temp\ccGuBrkU.s 			page 9


 457 01ac 59       		.byte	89
 458 01ad 04       		.byte	4
 459 01ae 5A       		.byte	90
 460 01af 04       		.byte	4
 461 01b0 5B       		.byte	91
 462 01b1 04       		.byte	4
 463 01b2 5F       		.byte	95
 464 01b3 01       		.byte	1
 465 01b4 66       		.byte	102
 466 01b5 40       		.byte	64
 467 01b6 67       		.byte	103
 468 01b7 02       		.byte	2
 469 01b8 69       		.byte	105
 470 01b9 10       		.byte	16
 471 01ba 6A       		.byte	106
 472 01bb 30       		.byte	48
 473 01bc 6B       		.byte	107
 474 01bd 10       		.byte	16
 475 01be 6D       		.byte	109
 476 01bf 10       		.byte	16
 477 01c0 6E       		.byte	110
 478 01c1 10       		.byte	16
 479 01c2 6F       		.byte	111
 480 01c3 12       		.byte	18
 481 01c4 80       		.byte	-128
 482 01c5 01       		.byte	1
 483 01c6 82       		.byte	-126
 484 01c7 0E       		.byte	14
 485 01c8 88       		.byte	-120
 486 01c9 0C       		.byte	12
 487 01ca 8A       		.byte	-118
 488 01cb 03       		.byte	3
 489 01cc 92       		.byte	-110
 490 01cd 03       		.byte	3
 491 01ce 97       		.byte	-105
 492 01cf 05       		.byte	5
 493 01d0 99       		.byte	-103
 494 01d1 06       		.byte	6
 495 01d2 9B       		.byte	-101
 496 01d3 01       		.byte	1
 497 01d4 9E       		.byte	-98
 498 01d5 0C       		.byte	12
 499 01d6 9F       		.byte	-97
 500 01d7 03       		.byte	3
 501 01d8 A3       		.byte	-93
 502 01d9 06       		.byte	6
 503 01da A4       		.byte	-92
 504 01db 01       		.byte	1
 505 01dc A6       		.byte	-90
 506 01dd 06       		.byte	6
 507 01de AA       		.byte	-86
 508 01df 08       		.byte	8
 509 01e0 AB       		.byte	-85
 510 01e1 02       		.byte	2
 511 01e2 AF       		.byte	-81
 512 01e3 01       		.byte	1
 513 01e4 B1       		.byte	-79
ARM GAS  C:\Users\user\AppData\Local\Temp\ccGuBrkU.s 			page 10


 514 01e5 07       		.byte	7
 515 01e6 B4       		.byte	-76
 516 01e7 0F       		.byte	15
 517 01e8 BA       		.byte	-70
 518 01e9 20       		.byte	32
 519 01ea BB       		.byte	-69
 520 01eb 02       		.byte	2
 521 01ec D8       		.byte	-40
 522 01ed 04       		.byte	4
 523 01ee D9       		.byte	-39
 524 01ef 04       		.byte	4
 525 01f0 DF       		.byte	-33
 526 01f1 01       		.byte	1
 527 01f2 00       		.byte	0
 528 01f3 42       		.byte	66
 529 01f4 01       		.byte	1
 530 01f5 08       		.byte	8
 531 01f6 05       		.byte	5
 532 01f7 10       		.byte	16
 533 01f8 07       		.byte	7
 534 01f9 40       		.byte	64
 535 01fa 08       		.byte	8
 536 01fb 21       		.byte	33
 537 01fc 0A       		.byte	10
 538 01fd 10       		.byte	16
 539 01fe 0D       		.byte	13
 540 01ff 82       		.byte	-126
 541 0200 0E       		.byte	14
 542 0201 41       		.byte	65
 543 0202 10       		.byte	16
 544 0203 88       		.byte	-120
 545 0204 14       		.byte	20
 546 0205 04       		.byte	4
 547 0206 16       		.byte	22
 548 0207 04       		.byte	4
 549 0208 17       		.byte	23
 550 0209 04       		.byte	4
 551 020a 18       		.byte	24
 552 020b 04       		.byte	4
 553 020c 19       		.byte	25
 554 020d 40       		.byte	64
 555 020e 1A       		.byte	26
 556 020f 10       		.byte	16
 557 0210 1D       		.byte	29
 558 0211 10       		.byte	16
 559 0212 20       		.byte	32
 560 0213 01       		.byte	1
 561 0214 21       		.byte	33
 562 0215 08       		.byte	8
 563 0216 22       		.byte	34
 564 0217 1A       		.byte	26
 565 0218 23       		.byte	35
 566 0219 40       		.byte	64
 567 021a 27       		.byte	39
 568 021b 40       		.byte	64
 569 021c 28       		.byte	40
 570 021d 21       		.byte	33
ARM GAS  C:\Users\user\AppData\Local\Temp\ccGuBrkU.s 			page 11


 571 021e 29       		.byte	41
 572 021f A0       		.byte	-96
 573 0220 2C       		.byte	44
 574 0221 04       		.byte	4
 575 0222 2E       		.byte	46
 576 0223 41       		.byte	65
 577 0224 31       		.byte	49
 578 0225 08       		.byte	8
 579 0226 32       		.byte	50
 580 0227 02       		.byte	2
 581 0228 33       		.byte	51
 582 0229 10       		.byte	16
 583 022a 35       		.byte	53
 584 022b 10       		.byte	16
 585 022c 37       		.byte	55
 586 022d 44       		.byte	68
 587 022e 38       		.byte	56
 588 022f C0       		.byte	-64
 589 0230 39       		.byte	57
 590 0231 10       		.byte	16
 591 0232 3B       		.byte	59
 592 0233 08       		.byte	8
 593 0234 40       		.byte	64
 594 0235 41       		.byte	65
 595 0236 42       		.byte	66
 596 0237 04       		.byte	4
 597 0238 48       		.byte	72
 598 0239 89       		.byte	-119
 599 023a 49       		.byte	73
 600 023b 28       		.byte	40
 601 023c 5A       		.byte	90
 602 023d 02       		.byte	2
 603 023e 60       		.byte	96
 604 023f 04       		.byte	4
 605 0240 61       		.byte	97
 606 0241 40       		.byte	64
 607 0242 87       		.byte	-121
 608 0243 84       		.byte	-124
 609 0244 90       		.byte	-112
 610 0245 80       		.byte	-128
 611 0246 91       		.byte	-111
 612 0247 10       		.byte	16
 613 0248 92       		.byte	-110
 614 0249 06       		.byte	6
 615 024a 96       		.byte	-106
 616 024b 20       		.byte	32
 617 024c 97       		.byte	-105
 618 024d 40       		.byte	64
 619 024e 98       		.byte	-104
 620 024f 20       		.byte	32
 621 0250 99       		.byte	-103
 622 0251 A0       		.byte	-96
 623 0252 9A       		.byte	-102
 624 0253 04       		.byte	4
 625 0254 9B       		.byte	-101
 626 0255 14       		.byte	20
 627 0256 9D       		.byte	-99
ARM GAS  C:\Users\user\AppData\Local\Temp\ccGuBrkU.s 			page 12


 628 0257 10       		.byte	16
 629 0258 9F       		.byte	-97
 630 0259 40       		.byte	64
 631 025a A0       		.byte	-96
 632 025b 01       		.byte	1
 633 025c A1       		.byte	-95
 634 025d 82       		.byte	-126
 635 025e A6       		.byte	-90
 636 025f 0A       		.byte	10
 637 0260 A7       		.byte	-89
 638 0261 80       		.byte	-128
 639 0262 AF       		.byte	-81
 640 0263 20       		.byte	32
 641 0264 C0       		.byte	-64
 642 0265 5D       		.byte	93
 643 0266 C2       		.byte	-62
 644 0267 9E       		.byte	-98
 645 0268 C4       		.byte	-60
 646 0269 6A       		.byte	106
 647 026a CA       		.byte	-54
 648 026b BE       		.byte	-66
 649 026c CC       		.byte	-52
 650 026d 77       		.byte	119
 651 026e CE       		.byte	-50
 652 026f 0E       		.byte	14
 653 0270 D0       		.byte	-48
 654 0271 0D       		.byte	13
 655 0272 D2       		.byte	-46
 656 0273 0C       		.byte	12
 657 0274 D6       		.byte	-42
 658 0275 01       		.byte	1
 659 0276 D8       		.byte	-40
 660 0277 0C       		.byte	12
 661 0278 00       		.byte	0
 662 0279 0C       		.byte	12
 663 027a 02       		.byte	2
 664 027b 11       		.byte	17
 665 027c 08       		.byte	8
 666 027d 1C       		.byte	28
 667 027e 0A       		.byte	10
 668 027f 02       		.byte	2
 669 0280 0D       		.byte	13
 670 0281 02       		.byte	2
 671 0282 12       		.byte	18
 672 0283 03       		.byte	3
 673 0284 15       		.byte	21
 674 0285 01       		.byte	1
 675 0286 18       		.byte	24
 676 0287 14       		.byte	20
 677 0288 1B       		.byte	27
 678 0289 01       		.byte	1
 679 028a 1C       		.byte	28
 680 028b 09       		.byte	9
 681 028c 1D       		.byte	29
 682 028d 01       		.byte	1
 683 028e 1E       		.byte	30
 684 028f 10       		.byte	16
ARM GAS  C:\Users\user\AppData\Local\Temp\ccGuBrkU.s 			page 13


 685 0290 24       		.byte	36
 686 0291 10       		.byte	16
 687 0292 26       		.byte	38
 688 0293 0C       		.byte	12
 689 0294 28       		.byte	40
 690 0295 10       		.byte	16
 691 0296 2D       		.byte	45
 692 0297 04       		.byte	4
 693 0298 30       		.byte	48
 694 0299 1F       		.byte	31
 695 029a 33       		.byte	51
 696 029b 04       		.byte	4
 697 029c 37       		.byte	55
 698 029d 03       		.byte	3
 699 029e 39       		.byte	57
 700 029f 80       		.byte	-128
 701 02a0 3F       		.byte	63
 702 02a1 04       		.byte	4
 703 02a2 40       		.byte	64
 704 02a3 34       		.byte	52
 705 02a4 41       		.byte	65
 706 02a5 01       		.byte	1
 707 02a6 45       		.byte	69
 708 02a7 0B       		.byte	11
 709 02a8 46       		.byte	70
 710 02a9 CE       		.byte	-50
 711 02aa 48       		.byte	72
 712 02ab 0D       		.byte	13
 713 02ac 49       		.byte	73
 714 02ad FF       		.byte	-1
 715 02ae 4A       		.byte	74
 716 02af FF       		.byte	-1
 717 02b0 4B       		.byte	75
 718 02b1 FF       		.byte	-1
 719 02b2 4E       		.byte	78
 720 02b3 F0       		.byte	-16
 721 02b4 4F       		.byte	79
 722 02b5 44       		.byte	68
 723 02b6 50       		.byte	80
 724 02b7 0C       		.byte	12
 725 02b8 58       		.byte	88
 726 02b9 04       		.byte	4
 727 02ba 59       		.byte	89
 728 02bb 04       		.byte	4
 729 02bc 5A       		.byte	90
 730 02bd 04       		.byte	4
 731 02be 5F       		.byte	95
 732 02bf 01       		.byte	1
 733 02c0 66       		.byte	102
 734 02c1 C0       		.byte	-64
 735 02c2 6A       		.byte	106
 736 02c3 40       		.byte	64
 737 02c4 6B       		.byte	107
 738 02c5 02       		.byte	2
 739 02c6 81       		.byte	-127
 740 02c7 10       		.byte	16
 741 02c8 84       		.byte	-124
ARM GAS  C:\Users\user\AppData\Local\Temp\ccGuBrkU.s 			page 14


 742 02c9 01       		.byte	1
 743 02ca 87       		.byte	-121
 744 02cb 63       		.byte	99
 745 02cc 89       		.byte	-119
 746 02cd 08       		.byte	8
 747 02ce 8D       		.byte	-115
 748 02cf 67       		.byte	103
 749 02d0 8F       		.byte	-113
 750 02d1 18       		.byte	24
 751 02d2 91       		.byte	-111
 752 02d3 60       		.byte	96
 753 02d4 95       		.byte	-107
 754 02d5 40       		.byte	64
 755 02d6 99       		.byte	-103
 756 02d7 1C       		.byte	28
 757 02d8 9B       		.byte	-101
 758 02d9 62       		.byte	98
 759 02da 9F       		.byte	-97
 760 02db 04       		.byte	4
 761 02dc A1       		.byte	-95
 762 02dd 24       		.byte	36
 763 02de A3       		.byte	-93
 764 02df 80       		.byte	-128
 765 02e0 A5       		.byte	-91
 766 02e1 18       		.byte	24
 767 02e2 A8       		.byte	-88
 768 02e3 01       		.byte	1
 769 02e4 A9       		.byte	-87
 770 02e5 7F       		.byte	127
 771 02e6 AC       		.byte	-84
 772 02e7 01       		.byte	1
 773 02e8 AD       		.byte	-83
 774 02e9 1C       		.byte	28
 775 02ea AF       		.byte	-81
 776 02eb 61       		.byte	97
 777 02ec B1       		.byte	-79
 778 02ed 60       		.byte	96
 779 02ee B3       		.byte	-77
 780 02ef 1F       		.byte	31
 781 02f0 B4       		.byte	-76
 782 02f1 01       		.byte	1
 783 02f2 B7       		.byte	-73
 784 02f3 80       		.byte	-128
 785 02f4 BB       		.byte	-69
 786 02f5 08       		.byte	8
 787 02f6 D6       		.byte	-42
 788 02f7 02       		.byte	2
 789 02f8 D7       		.byte	-41
 790 02f9 11       		.byte	17
 791 02fa D8       		.byte	-40
 792 02fb 04       		.byte	4
 793 02fc D9       		.byte	-39
 794 02fd 04       		.byte	4
 795 02fe DB       		.byte	-37
 796 02ff 04       		.byte	4
 797 0300 DF       		.byte	-33
 798 0301 01       		.byte	1
ARM GAS  C:\Users\user\AppData\Local\Temp\ccGuBrkU.s 			page 15


 799 0302 03       		.byte	3
 800 0303 10       		.byte	16
 801 0304 05       		.byte	5
 802 0305 10       		.byte	16
 803 0306 07       		.byte	7
 804 0307 40       		.byte	64
 805 0308 08       		.byte	8
 806 0309 30       		.byte	48
 807 030a 0A       		.byte	10
 808 030b 08       		.byte	8
 809 030c 0D       		.byte	13
 810 030d 80       		.byte	-128
 811 030e 0E       		.byte	14
 812 030f 80       		.byte	-128
 813 0310 0F       		.byte	15
 814 0311 04       		.byte	4
 815 0312 10       		.byte	16
 816 0313 02       		.byte	2
 817 0314 11       		.byte	17
 818 0315 10       		.byte	16
 819 0316 16       		.byte	22
 820 0317 04       		.byte	4
 821 0318 17       		.byte	23
 822 0319 04       		.byte	4
 823 031a 18       		.byte	24
 824 031b 04       		.byte	4
 825 031c 1A       		.byte	26
 826 031d 04       		.byte	4
 827 031e 1E       		.byte	30
 828 031f 80       		.byte	-128
 829 0320 1F       		.byte	31
 830 0321 01       		.byte	1
 831 0322 22       		.byte	34
 832 0323 45       		.byte	69
 833 0324 25       		.byte	37
 834 0325 C0       		.byte	-64
 835 0326 27       		.byte	39
 836 0327 20       		.byte	32
 837 0328 29       		.byte	41
 838 0329 A4       		.byte	-92
 839 032a 2B       		.byte	43
 840 032b 80       		.byte	-128
 841 032c 2F       		.byte	47
 842 032d 01       		.byte	1
 843 032e 30       		.byte	48
 844 032f 10       		.byte	16
 845 0330 32       		.byte	50
 846 0331 4A       		.byte	74
 847 0332 35       		.byte	53
 848 0333 10       		.byte	16
 849 0334 37       		.byte	55
 850 0335 44       		.byte	68
 851 0336 38       		.byte	56
 852 0337 A4       		.byte	-92
 853 0338 3A       		.byte	58
 854 0339 02       		.byte	2
 855 033a 3E       		.byte	62
ARM GAS  C:\Users\user\AppData\Local\Temp\ccGuBrkU.s 			page 16


 856 033b 80       		.byte	-128
 857 033c 45       		.byte	69
 858 033d 02       		.byte	2
 859 033e 46       		.byte	70
 860 033f 80       		.byte	-128
 861 0340 47       		.byte	71
 862 0341 44       		.byte	68
 863 0342 4F       		.byte	79
 864 0343 04       		.byte	4
 865 0344 56       		.byte	86
 866 0345 40       		.byte	64
 867 0346 57       		.byte	87
 868 0347 30       		.byte	48
 869 0348 5A       		.byte	90
 870 0349 20       		.byte	32
 871 034a 63       		.byte	99
 872 034b 30       		.byte	48
 873 034c 68       		.byte	104
 874 034d 02       		.byte	2
 875 034e 69       		.byte	105
 876 034f 10       		.byte	16
 877 0350 6B       		.byte	107
 878 0351 10       		.byte	16
 879 0352 70       		.byte	112
 880 0353 B0       		.byte	-80
 881 0354 71       		.byte	113
 882 0355 04       		.byte	4
 883 0356 72       		.byte	114
 884 0357 02       		.byte	2
 885 0358 90       		.byte	-112
 886 0359 80       		.byte	-128
 887 035a 94       		.byte	-108
 888 035b 04       		.byte	4
 889 035c 97       		.byte	-105
 890 035d 50       		.byte	80
 891 035e 99       		.byte	-103
 892 035f A0       		.byte	-96
 893 0360 9A       		.byte	-102
 894 0361 04       		.byte	4
 895 0362 9B       		.byte	-101
 896 0363 04       		.byte	4
 897 0364 9C       		.byte	-100
 898 0365 20       		.byte	32
 899 0366 9D       		.byte	-99
 900 0367 14       		.byte	20
 901 0368 9E       		.byte	-98
 902 0369 40       		.byte	64
 903 036a 9F       		.byte	-97
 904 036b 40       		.byte	64
 905 036c A0       		.byte	-96
 906 036d 01       		.byte	1
 907 036e A1       		.byte	-95
 908 036f 02       		.byte	2
 909 0370 A4       		.byte	-92
 910 0371 A0       		.byte	-96
 911 0372 A5       		.byte	-91
 912 0373 40       		.byte	64
ARM GAS  C:\Users\user\AppData\Local\Temp\ccGuBrkU.s 			page 17


 913 0374 A6       		.byte	-90
 914 0375 08       		.byte	8
 915 0376 A7       		.byte	-89
 916 0377 B0       		.byte	-80
 917 0378 C0       		.byte	-64
 918 0379 54       		.byte	84
 919 037a C2       		.byte	-62
 920 037b D0       		.byte	-48
 921 037c C4       		.byte	-60
 922 037d 63       		.byte	99
 923 037e CA       		.byte	-54
 924 037f 1F       		.byte	31
 925 0380 CC       		.byte	-52
 926 0381 7F       		.byte	127
 927 0382 CE       		.byte	-50
 928 0383 1F       		.byte	31
 929 0384 D0       		.byte	-48
 930 0385 D0       		.byte	-48
 931 0386 D6       		.byte	-42
 932 0387 04       		.byte	4
 933 0388 33       		.byte	51
 934 0389 40       		.byte	64
 935 038a CC       		.byte	-52
 936 038b 10       		.byte	16
 937 038c 9F       		.byte	-97
 938 038d 40       		.byte	64
 939 038e 9F       		.byte	-97
 940 038f 40       		.byte	64
 941 0390 27       		.byte	39
 942 0391 40       		.byte	64
 943 0392 9F       		.byte	-97
 944 0393 40       		.byte	64
 945 0394 C8       		.byte	-56
 946 0395 80       		.byte	-128
 947 0396 01       		.byte	1
 948 0397 10       		.byte	16
 949 0398 5F       		.byte	95
 950 0399 80       		.byte	-128
 951 039a 85       		.byte	-123
 952 039b 10       		.byte	16
 953 039c 9B       		.byte	-101
 954 039d 80       		.byte	-128
 955 039e AF       		.byte	-81
 956 039f 80       		.byte	-128
 957 03a0 C0       		.byte	-64
 958 03a1 40       		.byte	64
 959 03a2 D6       		.byte	-42
 960 03a3 20       		.byte	32
 961 03a4 E4       		.byte	-28
 962 03a5 10       		.byte	16
 963 03a6 EA       		.byte	-22
 964 03a7 40       		.byte	64
 965 03a8 00       		.byte	0
 966 03a9 01       		.byte	1
 967 03aa 0A       		.byte	10
 968 03ab 01       		.byte	1
 969 03ac 10       		.byte	16
ARM GAS  C:\Users\user\AppData\Local\Temp\ccGuBrkU.s 			page 18


 970 03ad 01       		.byte	1
 971 03ae 1A       		.byte	26
 972 03af 01       		.byte	1
 973 03b0 00       		.byte	0
 974 03b1 02       		.byte	2
 975 03b2 00       		.byte	0
 976 03b3 00       		.byte	0
 977 03b4 00       		.byte	0
 978 03b5 0B       		.byte	11
 979 03b6 0B       		.byte	11
 980 03b7 00       		.byte	0
 981 03b8 00       		.byte	0
 982 03b9 00       		.byte	0
 983 03ba 00       		.byte	0
 984 03bb 00       		.byte	0
 985 03bc 08       		.byte	8
 986 03bd 00       		.byte	0
 987 03be 06       		.byte	6
 988 03bf 08       		.byte	8
 989 03c0 08       		.byte	8
 990 03c1 00       		.byte	0
 991 03c2 08       		.byte	8
 992 03c3 00       		.byte	0
 993 03c4 00       		.byte	0
 994 03c5 00       		.byte	0
 995 03c6 00       		.byte	0
 996 03c7 00       		.byte	0
 997              		.section	.cywolatch,"a",%progbits
 998              		.align	2
 999              		.type	cy_meta_wonvl, %object
 1000              		.size	cy_meta_wonvl, 4
 1001              	cy_meta_wonvl:
 1002 0000 BC       		.byte	-68
 1003 0001 90       		.byte	-112
 1004 0002 AC       		.byte	-84
 1005 0003 AF       		.byte	-81
 1006              		.section	.cycustnvl,"a",%progbits
 1007              		.align	2
 1008              		.type	cy_meta_custnvl, %object
 1009              		.size	cy_meta_custnvl, 4
 1010              	cy_meta_custnvl:
 1011 0000 00       		.byte	0
 1012 0001 00       		.byte	0
 1013 0002 40       		.byte	64
 1014 0003 05       		.byte	5
 1015              		.section	.cymeta,"a",%progbits
 1016              		.align	2
 1017              		.type	cy_metadata, %object
 1018              		.size	cy_metadata, 12
 1019              	cy_metadata:
 1020 0000 00       		.byte	0
 1021 0001 01       		.byte	1
 1022 0002 2E       		.byte	46
 1023 0003 16       		.byte	22
 1024 0004 10       		.byte	16
 1025 0005 69       		.byte	105
 1026 0006 00       		.byte	0
ARM GAS  C:\Users\user\AppData\Local\Temp\ccGuBrkU.s 			page 19


 1027 0007 01       		.byte	1
 1028 0008 00       		.byte	0
 1029 0009 00       		.byte	0
 1030 000a 00       		.byte	0
 1031 000b 00       		.byte	0
 1032              		.section	.cyflashprotect,"a",%progbits
 1033              		.align	2
 1034              		.type	cy_meta_flashprotect, %object
 1035              		.size	cy_meta_flashprotect, 256
 1036              	cy_meta_flashprotect:
 1037 0000 00000000 		.space	256
 1037      00000000 
 1037      00000000 
 1037      00000000 
 1037      00000000 
 1038              		.text
 1039              	.Letext0:
 1040              		.file 1 "c:\\program files (x86)\\cypress\\psoc creator\\4.4\\psoc creator\\import\\gnu\\arm\\5.4.
 1041              		.file 2 "c:\\program files (x86)\\cypress\\psoc creator\\4.4\\psoc creator\\import\\gnu\\arm\\5.4.
 1042              		.file 3 "Generated_Source\\PSoC5\\cymetadata.c"
 1043              		.section	.debug_info,"",%progbits
 1044              	.Ldebug_info0:
 1045 0000 31010000 		.4byte	0x131
 1046 0004 0400     		.2byte	0x4
 1047 0006 00000000 		.4byte	.Ldebug_abbrev0
 1048 000a 04       		.byte	0x4
 1049 000b 01       		.uleb128 0x1
 1050 000c 24000000 		.4byte	.LASF17
 1051 0010 0C       		.byte	0xc
 1052 0011 E8010000 		.4byte	.LASF18
 1053 0015 72010000 		.4byte	.LASF19
 1054 0019 00000000 		.4byte	.Ldebug_line0
 1055 001d 02       		.uleb128 0x2
 1056 001e 01       		.byte	0x1
 1057 001f 06       		.byte	0x6
 1058 0020 DC010000 		.4byte	.LASF0
 1059 0024 03       		.uleb128 0x3
 1060 0025 00000000 		.4byte	.LASF9
 1061 0029 01       		.byte	0x1
 1062 002a 1D       		.byte	0x1d
 1063 002b 2F000000 		.4byte	0x2f
 1064 002f 02       		.uleb128 0x2
 1065 0030 01       		.byte	0x1
 1066 0031 08       		.byte	0x8
 1067 0032 16000000 		.4byte	.LASF1
 1068 0036 02       		.uleb128 0x2
 1069 0037 02       		.byte	0x2
 1070 0038 05       		.byte	0x5
 1071 0039 5F010000 		.4byte	.LASF2
 1072 003d 02       		.uleb128 0x2
 1073 003e 02       		.byte	0x2
 1074 003f 07       		.byte	0x7
 1075 0040 C4000000 		.4byte	.LASF3
 1076 0044 02       		.uleb128 0x2
 1077 0045 04       		.byte	0x4
 1078 0046 05       		.byte	0x5
 1079 0047 69010000 		.4byte	.LASF4
ARM GAS  C:\Users\user\AppData\Local\Temp\ccGuBrkU.s 			page 20


 1080 004b 02       		.uleb128 0x2
 1081 004c 04       		.byte	0x4
 1082 004d 07       		.byte	0x7
 1083 004e B2000000 		.4byte	.LASF5
 1084 0052 02       		.uleb128 0x2
 1085 0053 08       		.byte	0x8
 1086 0054 05       		.byte	0x5
 1087 0055 51010000 		.4byte	.LASF6
 1088 0059 02       		.uleb128 0x2
 1089 005a 08       		.byte	0x8
 1090 005b 07       		.byte	0x7
 1091 005c 06010000 		.4byte	.LASF7
 1092 0060 04       		.uleb128 0x4
 1093 0061 04       		.byte	0x4
 1094 0062 05       		.byte	0x5
 1095 0063 696E7400 		.ascii	"int\000"
 1096 0067 02       		.uleb128 0x2
 1097 0068 04       		.byte	0x4
 1098 0069 07       		.byte	0x7
 1099 006a F9000000 		.4byte	.LASF8
 1100 006e 03       		.uleb128 0x3
 1101 006f 1D010000 		.4byte	.LASF10
 1102 0073 02       		.byte	0x2
 1103 0074 18       		.byte	0x18
 1104 0075 24000000 		.4byte	0x24
 1105 0079 05       		.uleb128 0x5
 1106 007a 91000000 		.4byte	0x91
 1107 007e 8A000000 		.4byte	0x8a
 1108 0082 06       		.uleb128 0x6
 1109 0083 8A000000 		.4byte	0x8a
 1110 0087 C703     		.2byte	0x3c7
 1111 0089 00       		.byte	0
 1112 008a 02       		.uleb128 0x2
 1113 008b 04       		.byte	0x4
 1114 008c 07       		.byte	0x7
 1115 008d 48010000 		.4byte	.LASF11
 1116 0091 07       		.uleb128 0x7
 1117 0092 6E000000 		.4byte	0x6e
 1118 0096 08       		.uleb128 0x8
 1119 0097 E7000000 		.4byte	.LASF12
 1120 009b 03       		.byte	0x3
 1121 009c 1F       		.byte	0x1f
 1122 009d A7000000 		.4byte	0xa7
 1123 00a1 05       		.uleb128 0x5
 1124 00a2 03       		.byte	0x3
 1125 00a3 00000000 		.4byte	cy_meta_configecc
 1126 00a7 07       		.uleb128 0x7
 1127 00a8 79000000 		.4byte	0x79
 1128 00ac 05       		.uleb128 0x5
 1129 00ad 91000000 		.4byte	0x91
 1130 00b1 BC000000 		.4byte	0xbc
 1131 00b5 09       		.uleb128 0x9
 1132 00b6 8A000000 		.4byte	0x8a
 1133 00ba 03       		.byte	0x3
 1134 00bb 00       		.byte	0
 1135 00bc 08       		.uleb128 0x8
 1136 00bd D7000000 		.4byte	.LASF13
ARM GAS  C:\Users\user\AppData\Local\Temp\ccGuBrkU.s 			page 21


 1137 00c1 03       		.byte	0x3
 1138 00c2 A5       		.byte	0xa5
 1139 00c3 CD000000 		.4byte	0xcd
 1140 00c7 05       		.uleb128 0x5
 1141 00c8 03       		.byte	0x3
 1142 00c9 00000000 		.4byte	cy_meta_custnvl
 1143 00cd 07       		.uleb128 0x7
 1144 00ce AC000000 		.4byte	0xac
 1145 00d2 08       		.uleb128 0x8
 1146 00d3 3A010000 		.4byte	.LASF14
 1147 00d7 03       		.byte	0x3
 1148 00d8 B3       		.byte	0xb3
 1149 00d9 E3000000 		.4byte	0xe3
 1150 00dd 05       		.uleb128 0x5
 1151 00de 03       		.byte	0x3
 1152 00df 00000000 		.4byte	cy_meta_wonvl
 1153 00e3 07       		.uleb128 0x7
 1154 00e4 AC000000 		.4byte	0xac
 1155 00e8 05       		.uleb128 0x5
 1156 00e9 91000000 		.4byte	0x91
 1157 00ed F8000000 		.4byte	0xf8
 1158 00f1 09       		.uleb128 0x9
 1159 00f2 8A000000 		.4byte	0x8a
 1160 00f6 FF       		.byte	0xff
 1161 00f7 00       		.byte	0
 1162 00f8 08       		.uleb128 0x8
 1163 00f9 25010000 		.4byte	.LASF15
 1164 00fd 03       		.byte	0x3
 1165 00fe C1       		.byte	0xc1
 1166 00ff 09010000 		.4byte	0x109
 1167 0103 05       		.uleb128 0x5
 1168 0104 03       		.byte	0x3
 1169 0105 00000000 		.4byte	cy_meta_flashprotect
 1170 0109 07       		.uleb128 0x7
 1171 010a E8000000 		.4byte	0xe8
 1172 010e 05       		.uleb128 0x5
 1173 010f 91000000 		.4byte	0x91
 1174 0113 1E010000 		.4byte	0x11e
 1175 0117 09       		.uleb128 0x9
 1176 0118 8A000000 		.4byte	0x8a
 1177 011c 0B       		.byte	0xb
 1178 011d 00       		.byte	0
 1179 011e 08       		.uleb128 0x8
 1180 011f 0A000000 		.4byte	.LASF16
 1181 0123 03       		.byte	0x3
 1182 0124 EE       		.byte	0xee
 1183 0125 2F010000 		.4byte	0x12f
 1184 0129 05       		.uleb128 0x5
 1185 012a 03       		.byte	0x3
 1186 012b 00000000 		.4byte	cy_metadata
 1187 012f 07       		.uleb128 0x7
 1188 0130 0E010000 		.4byte	0x10e
 1189 0134 00       		.byte	0
 1190              		.section	.debug_abbrev,"",%progbits
 1191              	.Ldebug_abbrev0:
 1192 0000 01       		.uleb128 0x1
 1193 0001 11       		.uleb128 0x11
ARM GAS  C:\Users\user\AppData\Local\Temp\ccGuBrkU.s 			page 22


 1194 0002 01       		.byte	0x1
 1195 0003 25       		.uleb128 0x25
 1196 0004 0E       		.uleb128 0xe
 1197 0005 13       		.uleb128 0x13
 1198 0006 0B       		.uleb128 0xb
 1199 0007 03       		.uleb128 0x3
 1200 0008 0E       		.uleb128 0xe
 1201 0009 1B       		.uleb128 0x1b
 1202 000a 0E       		.uleb128 0xe
 1203 000b 10       		.uleb128 0x10
 1204 000c 17       		.uleb128 0x17
 1205 000d 00       		.byte	0
 1206 000e 00       		.byte	0
 1207 000f 02       		.uleb128 0x2
 1208 0010 24       		.uleb128 0x24
 1209 0011 00       		.byte	0
 1210 0012 0B       		.uleb128 0xb
 1211 0013 0B       		.uleb128 0xb
 1212 0014 3E       		.uleb128 0x3e
 1213 0015 0B       		.uleb128 0xb
 1214 0016 03       		.uleb128 0x3
 1215 0017 0E       		.uleb128 0xe
 1216 0018 00       		.byte	0
 1217 0019 00       		.byte	0
 1218 001a 03       		.uleb128 0x3
 1219 001b 16       		.uleb128 0x16
 1220 001c 00       		.byte	0
 1221 001d 03       		.uleb128 0x3
 1222 001e 0E       		.uleb128 0xe
 1223 001f 3A       		.uleb128 0x3a
 1224 0020 0B       		.uleb128 0xb
 1225 0021 3B       		.uleb128 0x3b
 1226 0022 0B       		.uleb128 0xb
 1227 0023 49       		.uleb128 0x49
 1228 0024 13       		.uleb128 0x13
 1229 0025 00       		.byte	0
 1230 0026 00       		.byte	0
 1231 0027 04       		.uleb128 0x4
 1232 0028 24       		.uleb128 0x24
 1233 0029 00       		.byte	0
 1234 002a 0B       		.uleb128 0xb
 1235 002b 0B       		.uleb128 0xb
 1236 002c 3E       		.uleb128 0x3e
 1237 002d 0B       		.uleb128 0xb
 1238 002e 03       		.uleb128 0x3
 1239 002f 08       		.uleb128 0x8
 1240 0030 00       		.byte	0
 1241 0031 00       		.byte	0
 1242 0032 05       		.uleb128 0x5
 1243 0033 01       		.uleb128 0x1
 1244 0034 01       		.byte	0x1
 1245 0035 49       		.uleb128 0x49
 1246 0036 13       		.uleb128 0x13
 1247 0037 01       		.uleb128 0x1
 1248 0038 13       		.uleb128 0x13
 1249 0039 00       		.byte	0
 1250 003a 00       		.byte	0
ARM GAS  C:\Users\user\AppData\Local\Temp\ccGuBrkU.s 			page 23


 1251 003b 06       		.uleb128 0x6
 1252 003c 21       		.uleb128 0x21
 1253 003d 00       		.byte	0
 1254 003e 49       		.uleb128 0x49
 1255 003f 13       		.uleb128 0x13
 1256 0040 2F       		.uleb128 0x2f
 1257 0041 05       		.uleb128 0x5
 1258 0042 00       		.byte	0
 1259 0043 00       		.byte	0
 1260 0044 07       		.uleb128 0x7
 1261 0045 26       		.uleb128 0x26
 1262 0046 00       		.byte	0
 1263 0047 49       		.uleb128 0x49
 1264 0048 13       		.uleb128 0x13
 1265 0049 00       		.byte	0
 1266 004a 00       		.byte	0
 1267 004b 08       		.uleb128 0x8
 1268 004c 34       		.uleb128 0x34
 1269 004d 00       		.byte	0
 1270 004e 03       		.uleb128 0x3
 1271 004f 0E       		.uleb128 0xe
 1272 0050 3A       		.uleb128 0x3a
 1273 0051 0B       		.uleb128 0xb
 1274 0052 3B       		.uleb128 0x3b
 1275 0053 0B       		.uleb128 0xb
 1276 0054 49       		.uleb128 0x49
 1277 0055 13       		.uleb128 0x13
 1278 0056 3F       		.uleb128 0x3f
 1279 0057 19       		.uleb128 0x19
 1280 0058 02       		.uleb128 0x2
 1281 0059 18       		.uleb128 0x18
 1282 005a 00       		.byte	0
 1283 005b 00       		.byte	0
 1284 005c 09       		.uleb128 0x9
 1285 005d 21       		.uleb128 0x21
 1286 005e 00       		.byte	0
 1287 005f 49       		.uleb128 0x49
 1288 0060 13       		.uleb128 0x13
 1289 0061 2F       		.uleb128 0x2f
 1290 0062 0B       		.uleb128 0xb
 1291 0063 00       		.byte	0
 1292 0064 00       		.byte	0
 1293 0065 00       		.byte	0
 1294              		.section	.debug_aranges,"",%progbits
 1295 0000 14000000 		.4byte	0x14
 1296 0004 0200     		.2byte	0x2
 1297 0006 00000000 		.4byte	.Ldebug_info0
 1298 000a 04       		.byte	0x4
 1299 000b 00       		.byte	0
 1300 000c 0000     		.2byte	0
 1301 000e 0000     		.2byte	0
 1302 0010 00000000 		.4byte	0
 1303 0014 00000000 		.4byte	0
 1304              		.section	.debug_line,"",%progbits
 1305              	.Ldebug_line0:
 1306 0000 3D010000 		.section	.debug_str,"MS",%progbits,1
 1306      02003701 
ARM GAS  C:\Users\user\AppData\Local\Temp\ccGuBrkU.s 			page 24


 1306      00000201 
 1306      FB0E0D00 
 1306      01010101 
 1307              	.LASF9:
 1308 0000 5F5F7569 		.ascii	"__uint8_t\000"
 1308      6E74385F 
 1308      7400
 1309              	.LASF16:
 1310 000a 63795F6D 		.ascii	"cy_metadata\000"
 1310      65746164 
 1310      61746100 
 1311              	.LASF1:
 1312 0016 756E7369 		.ascii	"unsigned char\000"
 1312      676E6564 
 1312      20636861 
 1312      7200
 1313              	.LASF17:
 1314 0024 474E5520 		.ascii	"GNU C11 5.4.1 20160609 (release) [ARM/embedded-5-br"
 1314      43313120 
 1314      352E342E 
 1314      31203230 
 1314      31363036 
 1315 0057 616E6368 		.ascii	"anch revision 237715] -mcpu=cortex-m3 -mthumb -g -O"
 1315      20726576 
 1315      6973696F 
 1315      6E203233 
 1315      37373135 
 1316 008a 67202D66 		.ascii	"g -ffunction-sections -ffat-lto-objects\000"
 1316      66756E63 
 1316      74696F6E 
 1316      2D736563 
 1316      74696F6E 
 1317              	.LASF5:
 1318 00b2 6C6F6E67 		.ascii	"long unsigned int\000"
 1318      20756E73 
 1318      69676E65 
 1318      6420696E 
 1318      7400
 1319              	.LASF3:
 1320 00c4 73686F72 		.ascii	"short unsigned int\000"
 1320      7420756E 
 1320      7369676E 
 1320      65642069 
 1320      6E7400
 1321              	.LASF13:
 1322 00d7 63795F6D 		.ascii	"cy_meta_custnvl\000"
 1322      6574615F 
 1322      63757374 
 1322      6E766C00 
 1323              	.LASF12:
 1324 00e7 63795F6D 		.ascii	"cy_meta_configecc\000"
 1324      6574615F 
 1324      636F6E66 
 1324      69676563 
 1324      6300
 1325              	.LASF8:
 1326 00f9 756E7369 		.ascii	"unsigned int\000"
ARM GAS  C:\Users\user\AppData\Local\Temp\ccGuBrkU.s 			page 25


 1326      676E6564 
 1326      20696E74 
 1326      00
 1327              	.LASF7:
 1328 0106 6C6F6E67 		.ascii	"long long unsigned int\000"
 1328      206C6F6E 
 1328      6720756E 
 1328      7369676E 
 1328      65642069 
 1329              	.LASF10:
 1330 011d 75696E74 		.ascii	"uint8_t\000"
 1330      385F7400 
 1331              	.LASF15:
 1332 0125 63795F6D 		.ascii	"cy_meta_flashprotect\000"
 1332      6574615F 
 1332      666C6173 
 1332      6870726F 
 1332      74656374 
 1333              	.LASF14:
 1334 013a 63795F6D 		.ascii	"cy_meta_wonvl\000"
 1334      6574615F 
 1334      776F6E76 
 1334      6C00
 1335              	.LASF11:
 1336 0148 73697A65 		.ascii	"sizetype\000"
 1336      74797065 
 1336      00
 1337              	.LASF6:
 1338 0151 6C6F6E67 		.ascii	"long long int\000"
 1338      206C6F6E 
 1338      6720696E 
 1338      7400
 1339              	.LASF2:
 1340 015f 73686F72 		.ascii	"short int\000"
 1340      7420696E 
 1340      7400
 1341              	.LASF4:
 1342 0169 6C6F6E67 		.ascii	"long int\000"
 1342      20696E74 
 1342      00
 1343              	.LASF19:
 1344 0172 433A5C64 		.ascii	"C:\\data\\GitHub\\rear-driving-camera\\Cypress\\rea"
 1344      6174615C 
 1344      47697448 
 1344      75625C72 
 1344      6561722D 
 1345 01a0 725F6472 		.ascii	"r_drive_camera\\rear_drive_camera\\rear_drive_camer"
 1345      6976655F 
 1345      63616D65 
 1345      72615C72 
 1345      6561725F 
 1346 01d1 615F3031 		.ascii	"a_01.cydsn\000"
 1346      2E637964 
 1346      736E00
 1347              	.LASF0:
 1348 01dc 7369676E 		.ascii	"signed char\000"
 1348      65642063 
ARM GAS  C:\Users\user\AppData\Local\Temp\ccGuBrkU.s 			page 26


 1348      68617200 
 1349              	.LASF18:
 1350 01e8 47656E65 		.ascii	"Generated_Source\\PSoC5\\cymetadata.c\000"
 1350      72617465 
 1350      645F536F 
 1350      75726365 
 1350      5C50536F 
 1351              		.ident	"GCC: (GNU Tools for ARM Embedded Processors) 5.4.1 20160609 (release) [ARM/embedded-5-bran
