ARM GAS  C:\Users\user\AppData\Local\Temp\cctjQ9Ca.s 			page 1


   1              		.syntax unified
   2              		.cpu cortex-m3
   3              		.fpu softvfp
   4              		.eabi_attribute 20, 1
   5              		.eabi_attribute 21, 1
   6              		.eabi_attribute 23, 3
   7              		.eabi_attribute 24, 1
   8              		.eabi_attribute 25, 1
   9              		.eabi_attribute 26, 1
  10              		.eabi_attribute 30, 1
  11              		.eabi_attribute 34, 1
  12              		.eabi_attribute 18, 4
  13              		.thumb
  14              		.syntax unified
  15              		.file	"DieTemp_1.c"
  16              		.text
  17              	.Ltext0:
  18              		.cfi_sections	.debug_frame
  19              		.section	.text.DieTemp_1_Start,"ax",%progbits
  20              		.align	2
  21              		.global	DieTemp_1_Start
  22              		.thumb
  23              		.thumb_func
  24              		.type	DieTemp_1_Start, %function
  25              	DieTemp_1_Start:
  26              	.LFB0:
  27              		.file 1 "Generated_Source\\PSoC5\\DieTemp_1.c"
   1:Generated_Source\PSoC5/DieTemp_1.c **** /*******************************************************************************
   2:Generated_Source\PSoC5/DieTemp_1.c **** * File Name: DieTemp_1_DieTemp.c
   3:Generated_Source\PSoC5/DieTemp_1.c **** * Version 2.10
   4:Generated_Source\PSoC5/DieTemp_1.c **** *
   5:Generated_Source\PSoC5/DieTemp_1.c **** * Description:
   6:Generated_Source\PSoC5/DieTemp_1.c **** *  Provides the API to acquire the die temperature.
   7:Generated_Source\PSoC5/DieTemp_1.c **** *
   8:Generated_Source\PSoC5/DieTemp_1.c **** ********************************************************************************
   9:Generated_Source\PSoC5/DieTemp_1.c **** * Copyright 2008-2017, Cypress Semiconductor Corporation.  All rights reserved.
  10:Generated_Source\PSoC5/DieTemp_1.c **** * You may use this file only in accordance with the license, terms, conditions,
  11:Generated_Source\PSoC5/DieTemp_1.c **** * disclaimers, and limitations in the end user license agreement accompanying
  12:Generated_Source\PSoC5/DieTemp_1.c **** * the software package with which this file was provided.
  13:Generated_Source\PSoC5/DieTemp_1.c **** *******************************************************************************/
  14:Generated_Source\PSoC5/DieTemp_1.c **** 
  15:Generated_Source\PSoC5/DieTemp_1.c **** 
  16:Generated_Source\PSoC5/DieTemp_1.c **** #include <cydevice_trm.H>
  17:Generated_Source\PSoC5/DieTemp_1.c **** #include <DieTemp_1.h>
  18:Generated_Source\PSoC5/DieTemp_1.c **** 
  19:Generated_Source\PSoC5/DieTemp_1.c **** 
  20:Generated_Source\PSoC5/DieTemp_1.c **** #define DieTemp_1_NUMBER_OF_SAMPLES      (0x1u)
  21:Generated_Source\PSoC5/DieTemp_1.c **** #define DieTemp_1_TIMER_PERIOD           (0xFFFu)
  22:Generated_Source\PSoC5/DieTemp_1.c **** #define DieTemp_1_CLK_DIV_SELECT         (0x4u)
  23:Generated_Source\PSoC5/DieTemp_1.c **** #define DieTemp_1_SPC_CLK_PERIOD         (120u) /* In nano seconds. */
  24:Generated_Source\PSoC5/DieTemp_1.c **** #define DieTemp_1_NANO_TO_MILLI_FACTOR   (1000000u)
  25:Generated_Source\PSoC5/DieTemp_1.c **** #define DieTemp_1_FRM_EXEC_TIME          (1000u) /* In nano seconds. */
  26:Generated_Source\PSoC5/DieTemp_1.c **** 
  27:Generated_Source\PSoC5/DieTemp_1.c **** #define DieTemp_1_GET_TEMPR_TIME     (uint32)(((((uint32)1u << (DieTemp_1_NUMBER_OF_SAMPLES + 1u)))
  28:Generated_Source\PSoC5/DieTemp_1.c ****                                                 ((uint32)(DieTemp_1_SPC_CLK_PERIOD * \
  29:Generated_Source\PSoC5/DieTemp_1.c ****                                                 DieTemp_1_CLK_DIV_SELECT)) * \
  30:Generated_Source\PSoC5/DieTemp_1.c ****                                                 ((uint32)DieTemp_1_TIMER_PERIOD)) + \
ARM GAS  C:\Users\user\AppData\Local\Temp\cctjQ9Ca.s 			page 2


  31:Generated_Source\PSoC5/DieTemp_1.c ****                                                 (uint32)DieTemp_1_FRM_EXEC_TIME)
  32:Generated_Source\PSoC5/DieTemp_1.c **** 
  33:Generated_Source\PSoC5/DieTemp_1.c **** #define DieTemp_1_MAX_WAIT           (uint16)(((DieTemp_1_GET_TEMPR_TIME + \
  34:Generated_Source\PSoC5/DieTemp_1.c ****                                                 DieTemp_1_NANO_TO_MILLI_FACTOR) - 1u) / \
  35:Generated_Source\PSoC5/DieTemp_1.c ****                                                 DieTemp_1_NANO_TO_MILLI_FACTOR)  /* In milli second
  36:Generated_Source\PSoC5/DieTemp_1.c **** #define DieTemp_1_MAX_WAIT_USEC          (DieTemp_1_MAX_WAIT * 1000u)    /* In usec */
  37:Generated_Source\PSoC5/DieTemp_1.c **** #define DieTemp_1_USEC_STEP              (10u) /* Step in usec */
  38:Generated_Source\PSoC5/DieTemp_1.c **** 
  39:Generated_Source\PSoC5/DieTemp_1.c **** static cystatus DieTemp_1_GetTempT(int16 * temperature);
  40:Generated_Source\PSoC5/DieTemp_1.c **** 
  41:Generated_Source\PSoC5/DieTemp_1.c **** 
  42:Generated_Source\PSoC5/DieTemp_1.c **** /*******************************************************************************
  43:Generated_Source\PSoC5/DieTemp_1.c **** * Function Name: DieTemp_1_Start
  44:Generated_Source\PSoC5/DieTemp_1.c **** ********************************************************************************
  45:Generated_Source\PSoC5/DieTemp_1.c **** *
  46:Generated_Source\PSoC5/DieTemp_1.c **** * Summary:
  47:Generated_Source\PSoC5/DieTemp_1.c **** *  Sends the command and parameters to the SPC to start a Die Temperature 
  48:Generated_Source\PSoC5/DieTemp_1.c **** *  reading. This function returns before the SPC finishes. 
  49:Generated_Source\PSoC5/DieTemp_1.c **** *  This function call must always be paired with a call to the DieTemp_Query()
  50:Generated_Source\PSoC5/DieTemp_1.c **** *  API to complete the Die Temperature read
  51:Generated_Source\PSoC5/DieTemp_1.c **** *
  52:Generated_Source\PSoC5/DieTemp_1.c **** * Parameters:
  53:Generated_Source\PSoC5/DieTemp_1.c **** *  void.
  54:Generated_Source\PSoC5/DieTemp_1.c **** *
  55:Generated_Source\PSoC5/DieTemp_1.c **** * Return:
  56:Generated_Source\PSoC5/DieTemp_1.c **** *  CYRET_STARTED if the spc command startes successfully.
  57:Generated_Source\PSoC5/DieTemp_1.c **** *  CYRET_UNKNOWN if the spc command failes.
  58:Generated_Source\PSoC5/DieTemp_1.c **** *  CYRET_LOCKED if the spc is busy.
  59:Generated_Source\PSoC5/DieTemp_1.c **** *
  60:Generated_Source\PSoC5/DieTemp_1.c **** *******************************************************************************/
  61:Generated_Source\PSoC5/DieTemp_1.c **** cystatus DieTemp_1_Start(void) 
  62:Generated_Source\PSoC5/DieTemp_1.c **** {
  28              		.loc 1 62 0
  29              		.cfi_startproc
  30              		@ args = 0, pretend = 0, frame = 0
  31              		@ frame_needed = 0, uses_anonymous_args = 0
  32 0000 10B5     		push	{r4, lr}
  33              		.cfi_def_cfa_offset 8
  34              		.cfi_offset 4, -8
  35              		.cfi_offset 14, -4
  36              	.LVL0:
  63:Generated_Source\PSoC5/DieTemp_1.c ****     cystatus status;
  64:Generated_Source\PSoC5/DieTemp_1.c **** 
  65:Generated_Source\PSoC5/DieTemp_1.c ****     /* Plan for failure. */
  66:Generated_Source\PSoC5/DieTemp_1.c ****     status = CYRET_UNKNOWN;
  67:Generated_Source\PSoC5/DieTemp_1.c **** 
  68:Generated_Source\PSoC5/DieTemp_1.c ****     /* Power up the SPC. */
  69:Generated_Source\PSoC5/DieTemp_1.c ****     CySpcStart();
  37              		.loc 1 69 0
  38 0002 FFF7FEFF 		bl	CySpcStart
  39              	.LVL1:
  70:Generated_Source\PSoC5/DieTemp_1.c **** 
  71:Generated_Source\PSoC5/DieTemp_1.c ****     if(CySpcLock() == CYRET_SUCCESS)
  40              		.loc 1 71 0
  41 0006 FFF7FEFF 		bl	CySpcLock
  42              	.LVL2:
  43 000a 58B9     		cbnz	r0, .L4
ARM GAS  C:\Users\user\AppData\Local\Temp\cctjQ9Ca.s 			page 3


  72:Generated_Source\PSoC5/DieTemp_1.c ****     {
  73:Generated_Source\PSoC5/DieTemp_1.c ****         #if(CY_PSOC5A)
  74:Generated_Source\PSoC5/DieTemp_1.c ****             if(CYRET_STARTED == CySpcGetTemp(DieTemp_1_NUMBER_OF_SAMPLES,
  75:Generated_Source\PSoC5/DieTemp_1.c ****                                              DieTemp_1_TIMER_PERIOD,
  76:Generated_Source\PSoC5/DieTemp_1.c ****                                              DieTemp_1_CLK_DIV_SELECT))
  77:Generated_Source\PSoC5/DieTemp_1.c ****             {
  78:Generated_Source\PSoC5/DieTemp_1.c ****                 status = CYRET_STARTED;
  79:Generated_Source\PSoC5/DieTemp_1.c ****             }
  80:Generated_Source\PSoC5/DieTemp_1.c ****         #else
  81:Generated_Source\PSoC5/DieTemp_1.c ****             if(CYRET_STARTED == CySpcGetTemp(DieTemp_1_NUMBER_OF_SAMPLES))
  44              		.loc 1 81 0
  45 000c 0120     		movs	r0, #1
  46 000e FFF7FEFF 		bl	CySpcGetTemp
  47              	.LVL3:
  48 0012 0728     		cmp	r0, #7
  49 0014 02D0     		beq	.L5
  66:Generated_Source\PSoC5/DieTemp_1.c **** 
  50              		.loc 1 66 0
  51 0016 4FF0FF34 		mov	r4, #-1
  52 001a 00E0     		b	.L3
  53              	.L5:
  82:Generated_Source\PSoC5/DieTemp_1.c ****             {
  83:Generated_Source\PSoC5/DieTemp_1.c ****                 status = CYRET_STARTED;
  54              		.loc 1 83 0
  55 001c 0724     		movs	r4, #7
  56              	.L3:
  57              	.LVL4:
  84:Generated_Source\PSoC5/DieTemp_1.c ****             }
  85:Generated_Source\PSoC5/DieTemp_1.c ****         #endif  /* (CY_PSOC5A) */
  86:Generated_Source\PSoC5/DieTemp_1.c ****         CySpcUnlock();
  58              		.loc 1 86 0
  59 001e FFF7FEFF 		bl	CySpcUnlock
  60              	.LVL5:
  61 0022 00E0     		b	.L2
  62              	.LVL6:
  63              	.L4:
  87:Generated_Source\PSoC5/DieTemp_1.c ****     }
  88:Generated_Source\PSoC5/DieTemp_1.c ****     else
  89:Generated_Source\PSoC5/DieTemp_1.c ****     {
  90:Generated_Source\PSoC5/DieTemp_1.c ****         status = CYRET_LOCKED;
  64              		.loc 1 90 0
  65 0024 0424     		movs	r4, #4
  66              	.LVL7:
  67              	.L2:
  91:Generated_Source\PSoC5/DieTemp_1.c ****     }
  92:Generated_Source\PSoC5/DieTemp_1.c ****     return (status);
  93:Generated_Source\PSoC5/DieTemp_1.c **** }
  68              		.loc 1 93 0
  69 0026 2046     		mov	r0, r4
  70 0028 10BD     		pop	{r4, pc}
  71              		.cfi_endproc
  72              	.LFE0:
  73              		.size	DieTemp_1_Start, .-DieTemp_1_Start
  74 002a 00BF     		.section	.text.DieTemp_1_Stop,"ax",%progbits
  75              		.align	2
  76              		.global	DieTemp_1_Stop
  77              		.thumb
ARM GAS  C:\Users\user\AppData\Local\Temp\cctjQ9Ca.s 			page 4


  78              		.thumb_func
  79              		.type	DieTemp_1_Stop, %function
  80              	DieTemp_1_Stop:
  81              	.LFB1:
  94:Generated_Source\PSoC5/DieTemp_1.c **** 
  95:Generated_Source\PSoC5/DieTemp_1.c **** 
  96:Generated_Source\PSoC5/DieTemp_1.c **** /*******************************************************************************
  97:Generated_Source\PSoC5/DieTemp_1.c **** * FUNCTION NAME:   DieTemp_1_Stop
  98:Generated_Source\PSoC5/DieTemp_1.c **** ********************************************************************************
  99:Generated_Source\PSoC5/DieTemp_1.c **** *
 100:Generated_Source\PSoC5/DieTemp_1.c **** * Summary:
 101:Generated_Source\PSoC5/DieTemp_1.c **** *  There is no need to stop or disable this component. This component is
 102:Generated_Source\PSoC5/DieTemp_1.c **** *  naturally a slave that sends request to SPC through SPC API of cy_boot
 103:Generated_Source\PSoC5/DieTemp_1.c **** *  and waits for data to be ready or in the case of non-blocking operation it
 104:Generated_Source\PSoC5/DieTemp_1.c **** *  sends the request to SPC and the user can manually poll the result.
 105:Generated_Source\PSoC5/DieTemp_1.c **** *
 106:Generated_Source\PSoC5/DieTemp_1.c **** * Parameters:
 107:Generated_Source\PSoC5/DieTemp_1.c **** *  void
 108:Generated_Source\PSoC5/DieTemp_1.c **** *
 109:Generated_Source\PSoC5/DieTemp_1.c **** * Return:
 110:Generated_Source\PSoC5/DieTemp_1.c **** *  void
 111:Generated_Source\PSoC5/DieTemp_1.c **** *
 112:Generated_Source\PSoC5/DieTemp_1.c **** *******************************************************************************/
 113:Generated_Source\PSoC5/DieTemp_1.c **** void DieTemp_1_Stop(void) 
 114:Generated_Source\PSoC5/DieTemp_1.c **** {
  82              		.loc 1 114 0
  83              		.cfi_startproc
  84              		@ args = 0, pretend = 0, frame = 0
  85              		@ frame_needed = 0, uses_anonymous_args = 0
  86              		@ link register save eliminated.
  87 0000 7047     		bx	lr
  88              		.cfi_endproc
  89              	.LFE1:
  90              		.size	DieTemp_1_Stop, .-DieTemp_1_Stop
  91 0002 00BF     		.section	.text.DieTemp_1_Query,"ax",%progbits
  92              		.align	2
  93              		.global	DieTemp_1_Query
  94              		.thumb
  95              		.thumb_func
  96              		.type	DieTemp_1_Query, %function
  97              	DieTemp_1_Query:
  98              	.LFB2:
 115:Generated_Source\PSoC5/DieTemp_1.c ****     /* There aren't anything to stop */
 116:Generated_Source\PSoC5/DieTemp_1.c **** }
 117:Generated_Source\PSoC5/DieTemp_1.c **** 
 118:Generated_Source\PSoC5/DieTemp_1.c **** 
 119:Generated_Source\PSoC5/DieTemp_1.c **** /*******************************************************************************
 120:Generated_Source\PSoC5/DieTemp_1.c **** * Function Name: DieTemp_1_Query
 121:Generated_Source\PSoC5/DieTemp_1.c **** ********************************************************************************
 122:Generated_Source\PSoC5/DieTemp_1.c **** *
 123:Generated_Source\PSoC5/DieTemp_1.c **** * Summary:
 124:Generated_Source\PSoC5/DieTemp_1.c **** *  Checks to see if the SPC command started by DieTemp_Start() has finished. 
 125:Generated_Source\PSoC5/DieTemp_1.c **** *  If the command has not finished, the temperature value is not read and
 126:Generated_Source\PSoC5/DieTemp_1.c **** *  returned. The caller will need to poll this function while the return status 
 127:Generated_Source\PSoC5/DieTemp_1.c **** *  remains CYRET_STARTED.
 128:Generated_Source\PSoC5/DieTemp_1.c **** *  This can be used only in conjunction with the DieTemp_Start() API to 
 129:Generated_Source\PSoC5/DieTemp_1.c **** *  successfully get the correct Die Temperature.
ARM GAS  C:\Users\user\AppData\Local\Temp\cctjQ9Ca.s 			page 5


 130:Generated_Source\PSoC5/DieTemp_1.c **** *  The Die Temperature reading returned on the first sequence of DieTemp_Start() 
 131:Generated_Source\PSoC5/DieTemp_1.c **** *  followed by DieTemp_Query() can be unreliable, so you must do this sequence
 132:Generated_Source\PSoC5/DieTemp_1.c **** *  twice and use the value returned from the second sequence.
 133:Generated_Source\PSoC5/DieTemp_1.c **** *
 134:Generated_Source\PSoC5/DieTemp_1.c **** * Parameters:
 135:Generated_Source\PSoC5/DieTemp_1.c **** *  temperature: Address to store the two-byte temperature value.
 136:Generated_Source\PSoC5/DieTemp_1.c **** *
 137:Generated_Source\PSoC5/DieTemp_1.c **** * Return:
 138:Generated_Source\PSoC5/DieTemp_1.c **** *  CYRET_SUCCESS if the temperature command completes successfully.
 139:Generated_Source\PSoC5/DieTemp_1.c **** *  CYRET_UNKNOWN if the spc failures.
 140:Generated_Source\PSoC5/DieTemp_1.c **** *  CYRET_STARTED if the temperature command has not completed.
 141:Generated_Source\PSoC5/DieTemp_1.c **** *  CYRET_TIMEOUT if waites too long before reading data.
 142:Generated_Source\PSoC5/DieTemp_1.c **** *
 143:Generated_Source\PSoC5/DieTemp_1.c **** *******************************************************************************/
 144:Generated_Source\PSoC5/DieTemp_1.c **** cystatus DieTemp_1_Query(int16 * temperature) 
 145:Generated_Source\PSoC5/DieTemp_1.c **** {
  99              		.loc 1 145 0
 100              		.cfi_startproc
 101              		@ args = 0, pretend = 0, frame = 8
 102              		@ frame_needed = 0, uses_anonymous_args = 0
 103              	.LVL8:
 104              		.loc 1 145 0
 105 0000 30B5     		push	{r4, r5, lr}
 106              		.cfi_def_cfa_offset 12
 107              		.cfi_offset 4, -12
 108              		.cfi_offset 5, -8
 109              		.cfi_offset 14, -4
 110 0002 83B0     		sub	sp, sp, #12
 111              		.cfi_def_cfa_offset 24
 146:Generated_Source\PSoC5/DieTemp_1.c ****     uint8 temp[2u];
 147:Generated_Source\PSoC5/DieTemp_1.c ****     cystatus status;
 148:Generated_Source\PSoC5/DieTemp_1.c **** 
 149:Generated_Source\PSoC5/DieTemp_1.c ****     if(CY_SPC_BUSY)
 112              		.loc 1 149 0
 113 0004 1D4B     		ldr	r3, .L19
 114 0006 1B78     		ldrb	r3, [r3]	@ zero_extendqisi2
 115 0008 13F0020F 		tst	r3, #2
 116 000c 2BD1     		bne	.L15
 117 000e 0546     		mov	r5, r0
 150:Generated_Source\PSoC5/DieTemp_1.c ****     {
 151:Generated_Source\PSoC5/DieTemp_1.c ****         if((CY_SPC_STATUS_REG>>2u) == CYRET_SUCCESS)
 118              		.loc 1 151 0
 119 0010 1A4B     		ldr	r3, .L19
 120 0012 1B78     		ldrb	r3, [r3]	@ zero_extendqisi2
 121 0014 9B08     		lsrs	r3, r3, #2
 122 0016 28D1     		bne	.L16
 152:Generated_Source\PSoC5/DieTemp_1.c ****         {
 153:Generated_Source\PSoC5/DieTemp_1.c ****             /* See if any data is ready. */
 154:Generated_Source\PSoC5/DieTemp_1.c ****             if(CY_SPC_DATA_READY)
 123              		.loc 1 154 0
 124 0018 184B     		ldr	r3, .L19
 125 001a 1B78     		ldrb	r3, [r3]	@ zero_extendqisi2
 126 001c 13F0010F 		tst	r3, #1
 127 0020 12D0     		beq	.L17
 155:Generated_Source\PSoC5/DieTemp_1.c ****             {
 156:Generated_Source\PSoC5/DieTemp_1.c ****                 temp[0u] = CY_SPC_CPU_DATA_REG;
 128              		.loc 1 156 0
ARM GAS  C:\Users\user\AppData\Local\Temp\cctjQ9Ca.s 			page 6


 129 0022 174B     		ldr	r3, .L19+4
 130 0024 1B78     		ldrb	r3, [r3]	@ zero_extendqisi2
 131 0026 8DF80430 		strb	r3, [sp, #4]
 157:Generated_Source\PSoC5/DieTemp_1.c ****                 /* Wait for second byte to be ready */
 158:Generated_Source\PSoC5/DieTemp_1.c ****                 while(!CY_SPC_DATA_READY)
 132              		.loc 1 158 0
 133 002a 02E0     		b	.L11
 134              	.LVL9:
 135              	.L12:
 159:Generated_Source\PSoC5/DieTemp_1.c ****                 {
 160:Generated_Source\PSoC5/DieTemp_1.c ****                     CyDelayUs(1u);
 136              		.loc 1 160 0
 137 002c 0120     		movs	r0, #1
 138 002e FFF7FEFF 		bl	CyDelayUs
 139              	.LVL10:
 140              	.L11:
 158:Generated_Source\PSoC5/DieTemp_1.c ****                 {
 141              		.loc 1 158 0
 142 0032 124B     		ldr	r3, .L19
 143 0034 1B78     		ldrb	r3, [r3]	@ zero_extendqisi2
 144 0036 13F0010F 		tst	r3, #1
 145 003a F7D0     		beq	.L12
 161:Generated_Source\PSoC5/DieTemp_1.c ****                 }
 162:Generated_Source\PSoC5/DieTemp_1.c ****                 temp[1u] = CY_SPC_CPU_DATA_REG;
 146              		.loc 1 162 0
 147 003c 104B     		ldr	r3, .L19+4
 148 003e 1B78     		ldrb	r3, [r3]	@ zero_extendqisi2
 149 0040 8DF80530 		strb	r3, [sp, #5]
 150              	.LVL11:
 163:Generated_Source\PSoC5/DieTemp_1.c ****                 status = CYRET_SUCCESS;
 151              		.loc 1 163 0
 152 0044 0024     		movs	r4, #0
 153 0046 00E0     		b	.L10
 154              	.LVL12:
 155              	.L17:
 164:Generated_Source\PSoC5/DieTemp_1.c ****             }
 165:Generated_Source\PSoC5/DieTemp_1.c ****             else
 166:Generated_Source\PSoC5/DieTemp_1.c ****             {
 167:Generated_Source\PSoC5/DieTemp_1.c ****             	status = CYRET_STARTED;
 156              		.loc 1 167 0
 157 0048 0724     		movs	r4, #7
 158              	.LVL13:
 159              	.L10:
 168:Generated_Source\PSoC5/DieTemp_1.c ****             }
 169:Generated_Source\PSoC5/DieTemp_1.c **** 
 170:Generated_Source\PSoC5/DieTemp_1.c ****             if (status == CYRET_SUCCESS)
 160              		.loc 1 170 0
 161 004a 7CB9     		cbnz	r4, .L9
 171:Generated_Source\PSoC5/DieTemp_1.c ****             {
 172:Generated_Source\PSoC5/DieTemp_1.c ****                 if(temp[0u] == 1u)
 162              		.loc 1 172 0
 163 004c 9DF80430 		ldrb	r3, [sp, #4]	@ zero_extendqisi2
 164 0050 012B     		cmp	r3, #1
 165 0052 03D1     		bne	.L13
 173:Generated_Source\PSoC5/DieTemp_1.c ****                 {
 174:Generated_Source\PSoC5/DieTemp_1.c ****                     *temperature = (int16) ((uint16) temp[1]);
 166              		.loc 1 174 0
ARM GAS  C:\Users\user\AppData\Local\Temp\cctjQ9Ca.s 			page 7


 167 0054 9DF80530 		ldrb	r3, [sp, #5]	@ zero_extendqisi2
 168 0058 2B80     		strh	r3, [r5]	@ movhi
 169 005a 07E0     		b	.L9
 170              	.L13:
 175:Generated_Source\PSoC5/DieTemp_1.c ****                 }
 176:Generated_Source\PSoC5/DieTemp_1.c ****                 else
 177:Generated_Source\PSoC5/DieTemp_1.c ****                 {
 178:Generated_Source\PSoC5/DieTemp_1.c ****                     *temperature = (int16) - ((int16) temp[1]);
 171              		.loc 1 178 0
 172 005c 9DF80530 		ldrb	r3, [sp, #5]	@ zero_extendqisi2
 173 0060 5B42     		negs	r3, r3
 174 0062 2B80     		strh	r3, [r5]	@ movhi
 175 0064 02E0     		b	.L9
 176              	.LVL14:
 177              	.L15:
 179:Generated_Source\PSoC5/DieTemp_1.c ****                 }
 180:Generated_Source\PSoC5/DieTemp_1.c ****                 status = CYRET_SUCCESS;
 181:Generated_Source\PSoC5/DieTemp_1.c ****             }
 182:Generated_Source\PSoC5/DieTemp_1.c ****         }
 183:Generated_Source\PSoC5/DieTemp_1.c ****         else
 184:Generated_Source\PSoC5/DieTemp_1.c ****         {
 185:Generated_Source\PSoC5/DieTemp_1.c ****             status = CYRET_STARTED;
 186:Generated_Source\PSoC5/DieTemp_1.c ****         }
 187:Generated_Source\PSoC5/DieTemp_1.c ****     }
 188:Generated_Source\PSoC5/DieTemp_1.c ****     else
 189:Generated_Source\PSoC5/DieTemp_1.c ****     {
 190:Generated_Source\PSoC5/DieTemp_1.c ****         status = CYRET_TIMEOUT;
 178              		.loc 1 190 0
 179 0066 1024     		movs	r4, #16
 180 0068 00E0     		b	.L9
 181              	.L16:
 185:Generated_Source\PSoC5/DieTemp_1.c ****         }
 182              		.loc 1 185 0
 183 006a 0724     		movs	r4, #7
 184              	.LVL15:
 185              	.L9:
 191:Generated_Source\PSoC5/DieTemp_1.c ****     }
 192:Generated_Source\PSoC5/DieTemp_1.c **** 
 193:Generated_Source\PSoC5/DieTemp_1.c ****     if(status != CYRET_STARTED)
 186              		.loc 1 193 0
 187 006c 072C     		cmp	r4, #7
 188 006e 01D0     		beq	.L14
 194:Generated_Source\PSoC5/DieTemp_1.c ****     {
 195:Generated_Source\PSoC5/DieTemp_1.c ****         /* Unlock the SPC so someone else can use it. */
 196:Generated_Source\PSoC5/DieTemp_1.c ****         CySpcUnlock();
 189              		.loc 1 196 0
 190 0070 FFF7FEFF 		bl	CySpcUnlock
 191              	.LVL16:
 192              	.L14:
 197:Generated_Source\PSoC5/DieTemp_1.c ****     }
 198:Generated_Source\PSoC5/DieTemp_1.c **** 
 199:Generated_Source\PSoC5/DieTemp_1.c ****     return (status);
 200:Generated_Source\PSoC5/DieTemp_1.c **** }
 193              		.loc 1 200 0
 194 0074 2046     		mov	r0, r4
 195 0076 03B0     		add	sp, sp, #12
 196              		.cfi_def_cfa_offset 12
ARM GAS  C:\Users\user\AppData\Local\Temp\cctjQ9Ca.s 			page 8


 197              		@ sp needed
 198 0078 30BD     		pop	{r4, r5, pc}
 199              	.LVL17:
 200              	.L20:
 201 007a 00BF     		.align	2
 202              	.L19:
 203 007c 22470040 		.word	1073760034
 204 0080 20470040 		.word	1073760032
 205              		.cfi_endproc
 206              	.LFE2:
 207              		.size	DieTemp_1_Query, .-DieTemp_1_Query
 208              		.section	.text.DieTemp_1_GetTempT,"ax",%progbits
 209              		.align	2
 210              		.thumb
 211              		.thumb_func
 212              		.type	DieTemp_1_GetTempT, %function
 213              	DieTemp_1_GetTempT:
 214              	.LFB3:
 201:Generated_Source\PSoC5/DieTemp_1.c **** 
 202:Generated_Source\PSoC5/DieTemp_1.c **** 
 203:Generated_Source\PSoC5/DieTemp_1.c **** /*******************************************************************************
 204:Generated_Source\PSoC5/DieTemp_1.c **** * Function Name: DieTemp_1_GetTempT
 205:Generated_Source\PSoC5/DieTemp_1.c **** ********************************************************************************
 206:Generated_Source\PSoC5/DieTemp_1.c **** *
 207:Generated_Source\PSoC5/DieTemp_1.c **** * Summary:
 208:Generated_Source\PSoC5/DieTemp_1.c **** *  Sends the command and parameters to the SPC to start a Die Temperature 
 209:Generated_Source\PSoC5/DieTemp_1.c **** *  reading and waits until it fails or completes. This is a blocking function.
 210:Generated_Source\PSoC5/DieTemp_1.c **** *  This function starts the temperature reading and returns the temperature 
 211:Generated_Source\PSoC5/DieTemp_1.c **** *  value after the SPC temperature command completes successfully.
 212:Generated_Source\PSoC5/DieTemp_1.c **** *
 213:Generated_Source\PSoC5/DieTemp_1.c **** * Parameters:
 214:Generated_Source\PSoC5/DieTemp_1.c **** *  temperature: Address to store the two byte temperature value.
 215:Generated_Source\PSoC5/DieTemp_1.c **** *
 216:Generated_Source\PSoC5/DieTemp_1.c **** * Return:
 217:Generated_Source\PSoC5/DieTemp_1.c **** *  CYRET_SUCCESS if the command completes successfully.
 218:Generated_Source\PSoC5/DieTemp_1.c **** *  The Status code from DieTemp_1_Start or DieTemp_1_Query.
 219:Generated_Source\PSoC5/DieTemp_1.c **** *
 220:Generated_Source\PSoC5/DieTemp_1.c **** *******************************************************************************/
 221:Generated_Source\PSoC5/DieTemp_1.c **** static cystatus DieTemp_1_GetTempT(int16 * temperature) 
 222:Generated_Source\PSoC5/DieTemp_1.c **** {
 215              		.loc 1 222 0
 216              		.cfi_startproc
 217              		@ args = 0, pretend = 0, frame = 0
 218              		@ frame_needed = 0, uses_anonymous_args = 0
 219              	.LVL18:
 220 0000 70B5     		push	{r4, r5, r6, lr}
 221              		.cfi_def_cfa_offset 16
 222              		.cfi_offset 4, -16
 223              		.cfi_offset 5, -12
 224              		.cfi_offset 6, -8
 225              		.cfi_offset 14, -4
 226 0002 0646     		mov	r6, r0
 223:Generated_Source\PSoC5/DieTemp_1.c ****     uint16 us;
 224:Generated_Source\PSoC5/DieTemp_1.c ****     cystatus status;
 225:Generated_Source\PSoC5/DieTemp_1.c **** 
 226:Generated_Source\PSoC5/DieTemp_1.c ****     /* Start the temp reading */
 227:Generated_Source\PSoC5/DieTemp_1.c ****     status = DieTemp_1_Start();
ARM GAS  C:\Users\user\AppData\Local\Temp\cctjQ9Ca.s 			page 9


 227              		.loc 1 227 0
 228 0004 FFF7FEFF 		bl	DieTemp_1_Start
 229              	.LVL19:
 230 0008 0546     		mov	r5, r0
 231              	.LVL20:
 228:Generated_Source\PSoC5/DieTemp_1.c **** 
 229:Generated_Source\PSoC5/DieTemp_1.c ****     if(status == CYRET_STARTED)
 232              		.loc 1 229 0
 233 000a 0728     		cmp	r0, #7
 234 000c 17D1     		bne	.L23
 235 000e 12E0     		b	.L27
 236              	.LVL21:
 237              	.L26:
 230:Generated_Source\PSoC5/DieTemp_1.c ****     {
 231:Generated_Source\PSoC5/DieTemp_1.c ****         /**************************************************************************
 232:Generated_Source\PSoC5/DieTemp_1.c ****         * Wait for SPC to finish temperature reading. If state changes and SPC
 233:Generated_Source\PSoC5/DieTemp_1.c ****         * finishes - break cycle.
 234:Generated_Source\PSoC5/DieTemp_1.c ****         * DieTemp_1_MAX_WAIT_USEC is maximum time in usec to wait for SPC.
 235:Generated_Source\PSoC5/DieTemp_1.c ****         **************************************************************************/
 236:Generated_Source\PSoC5/DieTemp_1.c ****         for (us=(DieTemp_1_MAX_WAIT_USEC); us>0u; us-=DieTemp_1_USEC_STEP)
 237:Generated_Source\PSoC5/DieTemp_1.c ****         {
 238:Generated_Source\PSoC5/DieTemp_1.c ****             if((CYRET_STARTED != status)&&(CY_SPC_IDLE))
 238              		.loc 1 238 0
 239 0010 072D     		cmp	r5, #7
 240 0012 04D0     		beq	.L24
 241              		.loc 1 238 0 is_stmt 0 discriminator 1
 242 0014 0B4B     		ldr	r3, .L29
 243 0016 1B78     		ldrb	r3, [r3]	@ zero_extendqisi2
 244 0018 13F0020F 		tst	r3, #2
 245 001c 0FD1     		bne	.L23
 246              	.L24:
 239:Generated_Source\PSoC5/DieTemp_1.c ****             {
 240:Generated_Source\PSoC5/DieTemp_1.c ****                 break;
 241:Generated_Source\PSoC5/DieTemp_1.c ****             }
 242:Generated_Source\PSoC5/DieTemp_1.c ****             else if(CYRET_STARTED == status)
 247              		.loc 1 242 0 is_stmt 1
 248 001e 072D     		cmp	r5, #7
 249 0020 03D1     		bne	.L25
 243:Generated_Source\PSoC5/DieTemp_1.c ****             {
 244:Generated_Source\PSoC5/DieTemp_1.c ****                 status = DieTemp_1_Query(temperature);
 250              		.loc 1 244 0
 251 0022 3046     		mov	r0, r6
 252 0024 FFF7FEFF 		bl	DieTemp_1_Query
 253              	.LVL22:
 254 0028 0546     		mov	r5, r0
 255              	.LVL23:
 256              	.L25:
 245:Generated_Source\PSoC5/DieTemp_1.c ****             }
 246:Generated_Source\PSoC5/DieTemp_1.c ****             else
 247:Generated_Source\PSoC5/DieTemp_1.c ****             {
 248:Generated_Source\PSoC5/DieTemp_1.c ****                 /* SPC has not finished reading or isn't idle */
 249:Generated_Source\PSoC5/DieTemp_1.c ****             }
 250:Generated_Source\PSoC5/DieTemp_1.c ****             CyDelayUs(DieTemp_1_USEC_STEP);
 257              		.loc 1 250 0 discriminator 2
 258 002a 0A20     		movs	r0, #10
 259 002c FFF7FEFF 		bl	CyDelayUs
 260              	.LVL24:
ARM GAS  C:\Users\user\AppData\Local\Temp\cctjQ9Ca.s 			page 10


 236:Generated_Source\PSoC5/DieTemp_1.c ****         {
 261              		.loc 1 236 0 discriminator 2
 262 0030 0A3C     		subs	r4, r4, #10
 263              	.LVL25:
 264 0032 A4B2     		uxth	r4, r4
 265              	.LVL26:
 266 0034 01E0     		b	.L22
 267              	.LVL27:
 268              	.L27:
 269 0036 4FF4FA54 		mov	r4, #8000
 270              	.LVL28:
 271              	.L22:
 236:Generated_Source\PSoC5/DieTemp_1.c ****         {
 272              		.loc 1 236 0 is_stmt 0 discriminator 1
 273 003a 002C     		cmp	r4, #0
 274 003c E8D1     		bne	.L26
 275              	.LVL29:
 276              	.L23:
 251:Generated_Source\PSoC5/DieTemp_1.c ****         }
 252:Generated_Source\PSoC5/DieTemp_1.c ****     }
 253:Generated_Source\PSoC5/DieTemp_1.c **** 
 254:Generated_Source\PSoC5/DieTemp_1.c ****     return status;
 255:Generated_Source\PSoC5/DieTemp_1.c **** }
 277              		.loc 1 255 0 is_stmt 1
 278 003e 2846     		mov	r0, r5
 279 0040 70BD     		pop	{r4, r5, r6, pc}
 280              	.LVL30:
 281              	.L30:
 282 0042 00BF     		.align	2
 283              	.L29:
 284 0044 22470040 		.word	1073760034
 285              		.cfi_endproc
 286              	.LFE3:
 287              		.size	DieTemp_1_GetTempT, .-DieTemp_1_GetTempT
 288              		.section	.text.DieTemp_1_GetTemp,"ax",%progbits
 289              		.align	2
 290              		.global	DieTemp_1_GetTemp
 291              		.thumb
 292              		.thumb_func
 293              		.type	DieTemp_1_GetTemp, %function
 294              	DieTemp_1_GetTemp:
 295              	.LFB4:
 256:Generated_Source\PSoC5/DieTemp_1.c **** 
 257:Generated_Source\PSoC5/DieTemp_1.c **** 
 258:Generated_Source\PSoC5/DieTemp_1.c **** /*******************************************************************************
 259:Generated_Source\PSoC5/DieTemp_1.c **** * Function Name: DieTemp_1_GetTemp
 260:Generated_Source\PSoC5/DieTemp_1.c **** ********************************************************************************
 261:Generated_Source\PSoC5/DieTemp_1.c **** *
 262:Generated_Source\PSoC5/DieTemp_1.c **** * Summary:
 263:Generated_Source\PSoC5/DieTemp_1.c **** *  Sends the command and parameters to the SPC to start a Die Temperature 
 264:Generated_Source\PSoC5/DieTemp_1.c **** *  reading and waits until it fails or completes. This is a blocking API.
 265:Generated_Source\PSoC5/DieTemp_1.c **** *  This function reads the Die Temperature twice and returns the second value
 266:Generated_Source\PSoC5/DieTemp_1.c **** *  to work around an issue in the silicon that causes the first value read 
 267:Generated_Source\PSoC5/DieTemp_1.c **** *  to be unreliable.
 268:Generated_Source\PSoC5/DieTemp_1.c **** *
 269:Generated_Source\PSoC5/DieTemp_1.c **** * Parameters:
 270:Generated_Source\PSoC5/DieTemp_1.c **** *  temperature: Address to store the two byte temperature value.
ARM GAS  C:\Users\user\AppData\Local\Temp\cctjQ9Ca.s 			page 11


 271:Generated_Source\PSoC5/DieTemp_1.c **** *
 272:Generated_Source\PSoC5/DieTemp_1.c **** * Return:
 273:Generated_Source\PSoC5/DieTemp_1.c **** *  CYRET_SUCCESS if the command completes successfully.
 274:Generated_Source\PSoC5/DieTemp_1.c **** *  The Status code from DieTemp_1_Start or DieTemp_1_Query.
 275:Generated_Source\PSoC5/DieTemp_1.c **** *
 276:Generated_Source\PSoC5/DieTemp_1.c **** *******************************************************************************/
 277:Generated_Source\PSoC5/DieTemp_1.c **** cystatus DieTemp_1_GetTemp(int16 * temperature) 
 278:Generated_Source\PSoC5/DieTemp_1.c **** {
 296              		.loc 1 278 0
 297              		.cfi_startproc
 298              		@ args = 0, pretend = 0, frame = 0
 299              		@ frame_needed = 0, uses_anonymous_args = 0
 300              	.LVL31:
 301 0000 38B5     		push	{r3, r4, r5, lr}
 302              		.cfi_def_cfa_offset 16
 303              		.cfi_offset 3, -16
 304              		.cfi_offset 4, -12
 305              		.cfi_offset 5, -8
 306              		.cfi_offset 14, -4
 307 0002 0546     		mov	r5, r0
 308              	.LVL32:
 279:Generated_Source\PSoC5/DieTemp_1.c ****     cystatus status;
 280:Generated_Source\PSoC5/DieTemp_1.c ****     uint8 count = 2u;
 309              		.loc 1 280 0
 310 0004 0224     		movs	r4, #2
 281:Generated_Source\PSoC5/DieTemp_1.c ****     while (count != 0u)
 311              		.loc 1 281 0
 312 0006 06E0     		b	.L32
 313              	.LVL33:
 314              	.L34:
 282:Generated_Source\PSoC5/DieTemp_1.c ****     {
 283:Generated_Source\PSoC5/DieTemp_1.c ****         status = DieTemp_1_GetTempT(temperature);
 315              		.loc 1 283 0
 316 0008 2846     		mov	r0, r5
 317 000a FFF7FEFF 		bl	DieTemp_1_GetTempT
 318              	.LVL34:
 284:Generated_Source\PSoC5/DieTemp_1.c ****         if (status != CYRET_SUCCESS)
 319              		.loc 1 284 0
 320 000e 0346     		mov	r3, r0
 321 0010 18B9     		cbnz	r0, .L33
 285:Generated_Source\PSoC5/DieTemp_1.c ****         {
 286:Generated_Source\PSoC5/DieTemp_1.c ****             break;
 287:Generated_Source\PSoC5/DieTemp_1.c ****         }
 288:Generated_Source\PSoC5/DieTemp_1.c ****         count--;
 322              		.loc 1 288 0
 323 0012 013C     		subs	r4, r4, #1
 324              	.LVL35:
 325 0014 E4B2     		uxtb	r4, r4
 326              	.LVL36:
 327              	.L32:
 281:Generated_Source\PSoC5/DieTemp_1.c ****     {
 328              		.loc 1 281 0
 329 0016 002C     		cmp	r4, #0
 330 0018 F6D1     		bne	.L34
 331              	.L33:
 289:Generated_Source\PSoC5/DieTemp_1.c ****     }
 290:Generated_Source\PSoC5/DieTemp_1.c ****     return status;
ARM GAS  C:\Users\user\AppData\Local\Temp\cctjQ9Ca.s 			page 12


 291:Generated_Source\PSoC5/DieTemp_1.c **** }
 332              		.loc 1 291 0
 333 001a 1846     		mov	r0, r3
 334 001c 38BD     		pop	{r3, r4, r5, pc}
 335              		.cfi_endproc
 336              	.LFE4:
 337              		.size	DieTemp_1_GetTemp, .-DieTemp_1_GetTemp
 338 001e 00BF     		.text
 339              	.Letext0:
 340              		.file 2 "Generated_Source\\PSoC5/cytypes.h"
 341              		.file 3 "Generated_Source\\PSoC5/CySpc.h"
 342              		.file 4 "Generated_Source\\PSoC5/CyLib.h"
 343              		.section	.debug_info,"",%progbits
 344              	.Ldebug_info0:
 345 0000 BC020000 		.4byte	0x2bc
 346 0004 0400     		.2byte	0x4
 347 0006 00000000 		.4byte	.Ldebug_abbrev0
 348 000a 04       		.byte	0x4
 349 000b 01       		.uleb128 0x1
 350 000c 76000000 		.4byte	.LASF32
 351 0010 0C       		.byte	0xc
 352 0011 DA010000 		.4byte	.LASF33
 353 0015 12020000 		.4byte	.LASF34
 354 0019 00000000 		.4byte	.Ldebug_ranges0+0
 355 001d 00000000 		.4byte	0
 356 0021 00000000 		.4byte	.Ldebug_line0
 357 0025 02       		.uleb128 0x2
 358 0026 01       		.byte	0x1
 359 0027 06       		.byte	0x6
 360 0028 7C020000 		.4byte	.LASF0
 361 002c 02       		.uleb128 0x2
 362 002d 01       		.byte	0x1
 363 002e 08       		.byte	0x8
 364 002f 68000000 		.4byte	.LASF1
 365 0033 02       		.uleb128 0x2
 366 0034 02       		.byte	0x2
 367 0035 05       		.byte	0x5
 368 0036 C1010000 		.4byte	.LASF2
 369 003a 02       		.uleb128 0x2
 370 003b 02       		.byte	0x2
 371 003c 07       		.byte	0x7
 372 003d 30000000 		.4byte	.LASF3
 373 0041 02       		.uleb128 0x2
 374 0042 04       		.byte	0x4
 375 0043 05       		.byte	0x5
 376 0044 FD010000 		.4byte	.LASF4
 377 0048 02       		.uleb128 0x2
 378 0049 04       		.byte	0x4
 379 004a 07       		.byte	0x7
 380 004b 0F010000 		.4byte	.LASF5
 381 004f 02       		.uleb128 0x2
 382 0050 08       		.byte	0x8
 383 0051 05       		.byte	0x5
 384 0052 A4010000 		.4byte	.LASF6
 385 0056 02       		.uleb128 0x2
 386 0057 08       		.byte	0x8
 387 0058 07       		.byte	0x7
ARM GAS  C:\Users\user\AppData\Local\Temp\cctjQ9Ca.s 			page 13


 388 0059 78010000 		.4byte	.LASF7
 389 005d 03       		.uleb128 0x3
 390 005e 04       		.byte	0x4
 391 005f 05       		.byte	0x5
 392 0060 696E7400 		.ascii	"int\000"
 393 0064 02       		.uleb128 0x2
 394 0065 04       		.byte	0x4
 395 0066 07       		.byte	0x7
 396 0067 58010000 		.4byte	.LASF8
 397 006b 04       		.uleb128 0x4
 398 006c 26010000 		.4byte	.LASF9
 399 0070 02       		.byte	0x2
 400 0071 E801     		.2byte	0x1e8
 401 0073 2C000000 		.4byte	0x2c
 402 0077 04       		.uleb128 0x4
 403 0078 40010000 		.4byte	.LASF10
 404 007c 02       		.byte	0x2
 405 007d E901     		.2byte	0x1e9
 406 007f 3A000000 		.4byte	0x3a
 407 0083 04       		.uleb128 0x4
 408 0084 51010000 		.4byte	.LASF11
 409 0088 02       		.byte	0x2
 410 0089 EA01     		.2byte	0x1ea
 411 008b 48000000 		.4byte	0x48
 412 008f 04       		.uleb128 0x4
 413 0090 09010000 		.4byte	.LASF12
 414 0094 02       		.byte	0x2
 415 0095 EC01     		.2byte	0x1ec
 416 0097 33000000 		.4byte	0x33
 417 009b 02       		.uleb128 0x2
 418 009c 04       		.byte	0x4
 419 009d 04       		.byte	0x4
 420 009e 14000000 		.4byte	.LASF13
 421 00a2 02       		.uleb128 0x2
 422 00a3 08       		.byte	0x8
 423 00a4 04       		.byte	0x4
 424 00a5 2C010000 		.4byte	.LASF14
 425 00a9 02       		.uleb128 0x2
 426 00aa 01       		.byte	0x1
 427 00ab 08       		.byte	0x8
 428 00ac BC010000 		.4byte	.LASF15
 429 00b0 04       		.uleb128 0x4
 430 00b1 00000000 		.4byte	.LASF16
 431 00b5 02       		.byte	0x2
 432 00b6 8A02     		.2byte	0x28a
 433 00b8 48000000 		.4byte	0x48
 434 00bc 04       		.uleb128 0x4
 435 00bd 04010000 		.4byte	.LASF17
 436 00c1 02       		.byte	0x2
 437 00c2 9202     		.2byte	0x292
 438 00c4 C8000000 		.4byte	0xc8
 439 00c8 05       		.uleb128 0x5
 440 00c9 6B000000 		.4byte	0x6b
 441 00cd 02       		.uleb128 0x2
 442 00ce 08       		.byte	0x8
 443 00cf 04       		.byte	0x4
 444 00d0 06020000 		.4byte	.LASF18
ARM GAS  C:\Users\user\AppData\Local\Temp\cctjQ9Ca.s 			page 14


 445 00d4 02       		.uleb128 0x2
 446 00d5 04       		.byte	0x4
 447 00d6 07       		.byte	0x7
 448 00d7 8F010000 		.4byte	.LASF19
 449 00db 06       		.uleb128 0x6
 450 00dc 88020000 		.4byte	.LASF20
 451 00e0 01       		.byte	0x1
 452 00e1 3D       		.byte	0x3d
 453 00e2 B0000000 		.4byte	0xb0
 454 00e6 00000000 		.4byte	.LFB0
 455 00ea 2A000000 		.4byte	.LFE0-.LFB0
 456 00ee 01       		.uleb128 0x1
 457 00ef 9C       		.byte	0x9c
 458 00f0 32010000 		.4byte	0x132
 459 00f4 07       		.uleb128 0x7
 460 00f5 43000000 		.4byte	.LASF22
 461 00f9 01       		.byte	0x1
 462 00fa 3F       		.byte	0x3f
 463 00fb B0000000 		.4byte	0xb0
 464 00ff 00000000 		.4byte	.LLST0
 465 0103 08       		.uleb128 0x8
 466 0104 06000000 		.4byte	.LVL1
 467 0108 88020000 		.4byte	0x288
 468 010c 08       		.uleb128 0x8
 469 010d 0A000000 		.4byte	.LVL2
 470 0111 93020000 		.4byte	0x293
 471 0115 09       		.uleb128 0x9
 472 0116 12000000 		.4byte	.LVL3
 473 011a 9E020000 		.4byte	0x29e
 474 011e 28010000 		.4byte	0x128
 475 0122 0A       		.uleb128 0xa
 476 0123 01       		.uleb128 0x1
 477 0124 50       		.byte	0x50
 478 0125 01       		.uleb128 0x1
 479 0126 31       		.byte	0x31
 480 0127 00       		.byte	0
 481 0128 08       		.uleb128 0x8
 482 0129 22000000 		.4byte	.LVL5
 483 012d A9020000 		.4byte	0x2a9
 484 0131 00       		.byte	0
 485 0132 0B       		.uleb128 0xb
 486 0133 CB010000 		.4byte	.LASF35
 487 0137 01       		.byte	0x1
 488 0138 71       		.byte	0x71
 489 0139 00000000 		.4byte	.LFB1
 490 013d 02000000 		.4byte	.LFE1-.LFB1
 491 0141 01       		.uleb128 0x1
 492 0142 9C       		.byte	0x9c
 493 0143 06       		.uleb128 0x6
 494 0144 20000000 		.4byte	.LASF21
 495 0148 01       		.byte	0x1
 496 0149 90       		.byte	0x90
 497 014a B0000000 		.4byte	0xb0
 498 014e 00000000 		.4byte	.LFB2
 499 0152 84000000 		.4byte	.LFE2-.LFB2
 500 0156 01       		.uleb128 0x1
 501 0157 9C       		.byte	0x9c
ARM GAS  C:\Users\user\AppData\Local\Temp\cctjQ9Ca.s 			page 15


 502 0158 A5010000 		.4byte	0x1a5
 503 015c 0C       		.uleb128 0xc
 504 015d 5C000000 		.4byte	.LASF24
 505 0161 01       		.byte	0x1
 506 0162 90       		.byte	0x90
 507 0163 A5010000 		.4byte	0x1a5
 508 0167 38000000 		.4byte	.LLST1
 509 016b 0D       		.uleb128 0xd
 510 016c 21010000 		.4byte	.LASF23
 511 0170 01       		.byte	0x1
 512 0171 92       		.byte	0x92
 513 0172 AB010000 		.4byte	0x1ab
 514 0176 02       		.uleb128 0x2
 515 0177 91       		.byte	0x91
 516 0178 6C       		.sleb128 -20
 517 0179 07       		.uleb128 0x7
 518 017a 43000000 		.4byte	.LASF22
 519 017e 01       		.byte	0x1
 520 017f 93       		.byte	0x93
 521 0180 B0000000 		.4byte	0xb0
 522 0184 85000000 		.4byte	.LLST2
 523 0188 09       		.uleb128 0x9
 524 0189 32000000 		.4byte	.LVL10
 525 018d B4020000 		.4byte	0x2b4
 526 0191 9B010000 		.4byte	0x19b
 527 0195 0A       		.uleb128 0xa
 528 0196 01       		.uleb128 0x1
 529 0197 50       		.byte	0x50
 530 0198 01       		.uleb128 0x1
 531 0199 31       		.byte	0x31
 532 019a 00       		.byte	0
 533 019b 08       		.uleb128 0x8
 534 019c 74000000 		.4byte	.LVL16
 535 01a0 A9020000 		.4byte	0x2a9
 536 01a4 00       		.byte	0
 537 01a5 0E       		.uleb128 0xe
 538 01a6 04       		.byte	0x4
 539 01a7 8F000000 		.4byte	0x8f
 540 01ab 0F       		.uleb128 0xf
 541 01ac 6B000000 		.4byte	0x6b
 542 01b0 BB010000 		.4byte	0x1bb
 543 01b4 10       		.uleb128 0x10
 544 01b5 D4000000 		.4byte	0xd4
 545 01b9 01       		.byte	0x1
 546 01ba 00       		.byte	0
 547 01bb 11       		.uleb128 0x11
 548 01bc 65010000 		.4byte	.LASF36
 549 01c0 01       		.byte	0x1
 550 01c1 DD       		.byte	0xdd
 551 01c2 B0000000 		.4byte	0xb0
 552 01c6 00000000 		.4byte	.LFB3
 553 01ca 48000000 		.4byte	.LFE3-.LFB3
 554 01ce 01       		.uleb128 0x1
 555 01cf 9C       		.byte	0x9c
 556 01d0 2D020000 		.4byte	0x22d
 557 01d4 0C       		.uleb128 0xc
 558 01d5 5C000000 		.4byte	.LASF24
ARM GAS  C:\Users\user\AppData\Local\Temp\cctjQ9Ca.s 			page 16


 559 01d9 01       		.byte	0x1
 560 01da DD       		.byte	0xdd
 561 01db A5010000 		.4byte	0x1a5
 562 01df BA000000 		.4byte	.LLST3
 563 01e3 12       		.uleb128 0x12
 564 01e4 757300   		.ascii	"us\000"
 565 01e7 01       		.byte	0x1
 566 01e8 DF       		.byte	0xdf
 567 01e9 77000000 		.4byte	0x77
 568 01ed E6000000 		.4byte	.LLST4
 569 01f1 07       		.uleb128 0x7
 570 01f2 43000000 		.4byte	.LASF22
 571 01f6 01       		.byte	0x1
 572 01f7 E0       		.byte	0xe0
 573 01f8 B0000000 		.4byte	0xb0
 574 01fc 0F010000 		.4byte	.LLST5
 575 0200 08       		.uleb128 0x8
 576 0201 08000000 		.4byte	.LVL19
 577 0205 DB000000 		.4byte	0xdb
 578 0209 09       		.uleb128 0x9
 579 020a 28000000 		.4byte	.LVL22
 580 020e 43010000 		.4byte	0x143
 581 0212 1D020000 		.4byte	0x21d
 582 0216 0A       		.uleb128 0xa
 583 0217 01       		.uleb128 0x1
 584 0218 50       		.byte	0x50
 585 0219 02       		.uleb128 0x2
 586 021a 76       		.byte	0x76
 587 021b 00       		.sleb128 0
 588 021c 00       		.byte	0
 589 021d 13       		.uleb128 0x13
 590 021e 30000000 		.4byte	.LVL24
 591 0222 B4020000 		.4byte	0x2b4
 592 0226 0A       		.uleb128 0xa
 593 0227 01       		.uleb128 0x1
 594 0228 50       		.byte	0x50
 595 0229 01       		.uleb128 0x1
 596 022a 3A       		.byte	0x3a
 597 022b 00       		.byte	0
 598 022c 00       		.byte	0
 599 022d 14       		.uleb128 0x14
 600 022e 4A000000 		.4byte	.LASF25
 601 0232 01       		.byte	0x1
 602 0233 1501     		.2byte	0x115
 603 0235 B0000000 		.4byte	0xb0
 604 0239 00000000 		.4byte	.LFB4
 605 023d 1E000000 		.4byte	.LFE4-.LFB4
 606 0241 01       		.uleb128 0x1
 607 0242 9C       		.byte	0x9c
 608 0243 88020000 		.4byte	0x288
 609 0247 15       		.uleb128 0x15
 610 0248 5C000000 		.4byte	.LASF24
 611 024c 01       		.byte	0x1
 612 024d 1501     		.2byte	0x115
 613 024f A5010000 		.4byte	0x1a5
 614 0253 4E010000 		.4byte	.LLST6
 615 0257 16       		.uleb128 0x16
ARM GAS  C:\Users\user\AppData\Local\Temp\cctjQ9Ca.s 			page 17


 616 0258 43000000 		.4byte	.LASF22
 617 025c 01       		.byte	0x1
 618 025d 1701     		.2byte	0x117
 619 025f B0000000 		.4byte	0xb0
 620 0263 6C010000 		.4byte	.LLST7
 621 0267 16       		.uleb128 0x16
 622 0268 1A000000 		.4byte	.LASF26
 623 026c 01       		.byte	0x1
 624 026d 1801     		.2byte	0x118
 625 026f 6B000000 		.4byte	0x6b
 626 0273 95010000 		.4byte	.LLST8
 627 0277 13       		.uleb128 0x13
 628 0278 0E000000 		.4byte	.LVL34
 629 027c BB010000 		.4byte	0x1bb
 630 0280 0A       		.uleb128 0xa
 631 0281 01       		.uleb128 0x1
 632 0282 50       		.byte	0x50
 633 0283 02       		.uleb128 0x2
 634 0284 75       		.byte	0x75
 635 0285 00       		.sleb128 0
 636 0286 00       		.byte	0
 637 0287 00       		.byte	0
 638 0288 17       		.uleb128 0x17
 639 0289 09000000 		.4byte	.LASF27
 640 028d 09000000 		.4byte	.LASF27
 641 0291 03       		.byte	0x3
 642 0292 22       		.byte	0x22
 643 0293 17       		.uleb128 0x17
 644 0294 47010000 		.4byte	.LASF28
 645 0298 47010000 		.4byte	.LASF28
 646 029c 03       		.byte	0x3
 647 029d 31       		.byte	0x31
 648 029e 17       		.uleb128 0x17
 649 029f 33010000 		.4byte	.LASF29
 650 02a3 33010000 		.4byte	.LASF29
 651 02a7 03       		.byte	0x3
 652 02a8 2F       		.byte	0x2f
 653 02a9 17       		.uleb128 0x17
 654 02aa 98010000 		.4byte	.LASF30
 655 02ae 98010000 		.4byte	.LASF30
 656 02b2 03       		.byte	0x3
 657 02b3 32       		.byte	0x32
 658 02b4 17       		.uleb128 0x17
 659 02b5 B2010000 		.4byte	.LASF31
 660 02b9 B2010000 		.4byte	.LASF31
 661 02bd 04       		.byte	0x4
 662 02be 77       		.byte	0x77
 663 02bf 00       		.byte	0
 664              		.section	.debug_abbrev,"",%progbits
 665              	.Ldebug_abbrev0:
 666 0000 01       		.uleb128 0x1
 667 0001 11       		.uleb128 0x11
 668 0002 01       		.byte	0x1
 669 0003 25       		.uleb128 0x25
 670 0004 0E       		.uleb128 0xe
 671 0005 13       		.uleb128 0x13
 672 0006 0B       		.uleb128 0xb
ARM GAS  C:\Users\user\AppData\Local\Temp\cctjQ9Ca.s 			page 18


 673 0007 03       		.uleb128 0x3
 674 0008 0E       		.uleb128 0xe
 675 0009 1B       		.uleb128 0x1b
 676 000a 0E       		.uleb128 0xe
 677 000b 55       		.uleb128 0x55
 678 000c 17       		.uleb128 0x17
 679 000d 11       		.uleb128 0x11
 680 000e 01       		.uleb128 0x1
 681 000f 10       		.uleb128 0x10
 682 0010 17       		.uleb128 0x17
 683 0011 00       		.byte	0
 684 0012 00       		.byte	0
 685 0013 02       		.uleb128 0x2
 686 0014 24       		.uleb128 0x24
 687 0015 00       		.byte	0
 688 0016 0B       		.uleb128 0xb
 689 0017 0B       		.uleb128 0xb
 690 0018 3E       		.uleb128 0x3e
 691 0019 0B       		.uleb128 0xb
 692 001a 03       		.uleb128 0x3
 693 001b 0E       		.uleb128 0xe
 694 001c 00       		.byte	0
 695 001d 00       		.byte	0
 696 001e 03       		.uleb128 0x3
 697 001f 24       		.uleb128 0x24
 698 0020 00       		.byte	0
 699 0021 0B       		.uleb128 0xb
 700 0022 0B       		.uleb128 0xb
 701 0023 3E       		.uleb128 0x3e
 702 0024 0B       		.uleb128 0xb
 703 0025 03       		.uleb128 0x3
 704 0026 08       		.uleb128 0x8
 705 0027 00       		.byte	0
 706 0028 00       		.byte	0
 707 0029 04       		.uleb128 0x4
 708 002a 16       		.uleb128 0x16
 709 002b 00       		.byte	0
 710 002c 03       		.uleb128 0x3
 711 002d 0E       		.uleb128 0xe
 712 002e 3A       		.uleb128 0x3a
 713 002f 0B       		.uleb128 0xb
 714 0030 3B       		.uleb128 0x3b
 715 0031 05       		.uleb128 0x5
 716 0032 49       		.uleb128 0x49
 717 0033 13       		.uleb128 0x13
 718 0034 00       		.byte	0
 719 0035 00       		.byte	0
 720 0036 05       		.uleb128 0x5
 721 0037 35       		.uleb128 0x35
 722 0038 00       		.byte	0
 723 0039 49       		.uleb128 0x49
 724 003a 13       		.uleb128 0x13
 725 003b 00       		.byte	0
 726 003c 00       		.byte	0
 727 003d 06       		.uleb128 0x6
 728 003e 2E       		.uleb128 0x2e
 729 003f 01       		.byte	0x1
ARM GAS  C:\Users\user\AppData\Local\Temp\cctjQ9Ca.s 			page 19


 730 0040 3F       		.uleb128 0x3f
 731 0041 19       		.uleb128 0x19
 732 0042 03       		.uleb128 0x3
 733 0043 0E       		.uleb128 0xe
 734 0044 3A       		.uleb128 0x3a
 735 0045 0B       		.uleb128 0xb
 736 0046 3B       		.uleb128 0x3b
 737 0047 0B       		.uleb128 0xb
 738 0048 27       		.uleb128 0x27
 739 0049 19       		.uleb128 0x19
 740 004a 49       		.uleb128 0x49
 741 004b 13       		.uleb128 0x13
 742 004c 11       		.uleb128 0x11
 743 004d 01       		.uleb128 0x1
 744 004e 12       		.uleb128 0x12
 745 004f 06       		.uleb128 0x6
 746 0050 40       		.uleb128 0x40
 747 0051 18       		.uleb128 0x18
 748 0052 9742     		.uleb128 0x2117
 749 0054 19       		.uleb128 0x19
 750 0055 01       		.uleb128 0x1
 751 0056 13       		.uleb128 0x13
 752 0057 00       		.byte	0
 753 0058 00       		.byte	0
 754 0059 07       		.uleb128 0x7
 755 005a 34       		.uleb128 0x34
 756 005b 00       		.byte	0
 757 005c 03       		.uleb128 0x3
 758 005d 0E       		.uleb128 0xe
 759 005e 3A       		.uleb128 0x3a
 760 005f 0B       		.uleb128 0xb
 761 0060 3B       		.uleb128 0x3b
 762 0061 0B       		.uleb128 0xb
 763 0062 49       		.uleb128 0x49
 764 0063 13       		.uleb128 0x13
 765 0064 02       		.uleb128 0x2
 766 0065 17       		.uleb128 0x17
 767 0066 00       		.byte	0
 768 0067 00       		.byte	0
 769 0068 08       		.uleb128 0x8
 770 0069 898201   		.uleb128 0x4109
 771 006c 00       		.byte	0
 772 006d 11       		.uleb128 0x11
 773 006e 01       		.uleb128 0x1
 774 006f 31       		.uleb128 0x31
 775 0070 13       		.uleb128 0x13
 776 0071 00       		.byte	0
 777 0072 00       		.byte	0
 778 0073 09       		.uleb128 0x9
 779 0074 898201   		.uleb128 0x4109
 780 0077 01       		.byte	0x1
 781 0078 11       		.uleb128 0x11
 782 0079 01       		.uleb128 0x1
 783 007a 31       		.uleb128 0x31
 784 007b 13       		.uleb128 0x13
 785 007c 01       		.uleb128 0x1
 786 007d 13       		.uleb128 0x13
ARM GAS  C:\Users\user\AppData\Local\Temp\cctjQ9Ca.s 			page 20


 787 007e 00       		.byte	0
 788 007f 00       		.byte	0
 789 0080 0A       		.uleb128 0xa
 790 0081 8A8201   		.uleb128 0x410a
 791 0084 00       		.byte	0
 792 0085 02       		.uleb128 0x2
 793 0086 18       		.uleb128 0x18
 794 0087 9142     		.uleb128 0x2111
 795 0089 18       		.uleb128 0x18
 796 008a 00       		.byte	0
 797 008b 00       		.byte	0
 798 008c 0B       		.uleb128 0xb
 799 008d 2E       		.uleb128 0x2e
 800 008e 00       		.byte	0
 801 008f 3F       		.uleb128 0x3f
 802 0090 19       		.uleb128 0x19
 803 0091 03       		.uleb128 0x3
 804 0092 0E       		.uleb128 0xe
 805 0093 3A       		.uleb128 0x3a
 806 0094 0B       		.uleb128 0xb
 807 0095 3B       		.uleb128 0x3b
 808 0096 0B       		.uleb128 0xb
 809 0097 27       		.uleb128 0x27
 810 0098 19       		.uleb128 0x19
 811 0099 11       		.uleb128 0x11
 812 009a 01       		.uleb128 0x1
 813 009b 12       		.uleb128 0x12
 814 009c 06       		.uleb128 0x6
 815 009d 40       		.uleb128 0x40
 816 009e 18       		.uleb128 0x18
 817 009f 9742     		.uleb128 0x2117
 818 00a1 19       		.uleb128 0x19
 819 00a2 00       		.byte	0
 820 00a3 00       		.byte	0
 821 00a4 0C       		.uleb128 0xc
 822 00a5 05       		.uleb128 0x5
 823 00a6 00       		.byte	0
 824 00a7 03       		.uleb128 0x3
 825 00a8 0E       		.uleb128 0xe
 826 00a9 3A       		.uleb128 0x3a
 827 00aa 0B       		.uleb128 0xb
 828 00ab 3B       		.uleb128 0x3b
 829 00ac 0B       		.uleb128 0xb
 830 00ad 49       		.uleb128 0x49
 831 00ae 13       		.uleb128 0x13
 832 00af 02       		.uleb128 0x2
 833 00b0 17       		.uleb128 0x17
 834 00b1 00       		.byte	0
 835 00b2 00       		.byte	0
 836 00b3 0D       		.uleb128 0xd
 837 00b4 34       		.uleb128 0x34
 838 00b5 00       		.byte	0
 839 00b6 03       		.uleb128 0x3
 840 00b7 0E       		.uleb128 0xe
 841 00b8 3A       		.uleb128 0x3a
 842 00b9 0B       		.uleb128 0xb
 843 00ba 3B       		.uleb128 0x3b
ARM GAS  C:\Users\user\AppData\Local\Temp\cctjQ9Ca.s 			page 21


 844 00bb 0B       		.uleb128 0xb
 845 00bc 49       		.uleb128 0x49
 846 00bd 13       		.uleb128 0x13
 847 00be 02       		.uleb128 0x2
 848 00bf 18       		.uleb128 0x18
 849 00c0 00       		.byte	0
 850 00c1 00       		.byte	0
 851 00c2 0E       		.uleb128 0xe
 852 00c3 0F       		.uleb128 0xf
 853 00c4 00       		.byte	0
 854 00c5 0B       		.uleb128 0xb
 855 00c6 0B       		.uleb128 0xb
 856 00c7 49       		.uleb128 0x49
 857 00c8 13       		.uleb128 0x13
 858 00c9 00       		.byte	0
 859 00ca 00       		.byte	0
 860 00cb 0F       		.uleb128 0xf
 861 00cc 01       		.uleb128 0x1
 862 00cd 01       		.byte	0x1
 863 00ce 49       		.uleb128 0x49
 864 00cf 13       		.uleb128 0x13
 865 00d0 01       		.uleb128 0x1
 866 00d1 13       		.uleb128 0x13
 867 00d2 00       		.byte	0
 868 00d3 00       		.byte	0
 869 00d4 10       		.uleb128 0x10
 870 00d5 21       		.uleb128 0x21
 871 00d6 00       		.byte	0
 872 00d7 49       		.uleb128 0x49
 873 00d8 13       		.uleb128 0x13
 874 00d9 2F       		.uleb128 0x2f
 875 00da 0B       		.uleb128 0xb
 876 00db 00       		.byte	0
 877 00dc 00       		.byte	0
 878 00dd 11       		.uleb128 0x11
 879 00de 2E       		.uleb128 0x2e
 880 00df 01       		.byte	0x1
 881 00e0 03       		.uleb128 0x3
 882 00e1 0E       		.uleb128 0xe
 883 00e2 3A       		.uleb128 0x3a
 884 00e3 0B       		.uleb128 0xb
 885 00e4 3B       		.uleb128 0x3b
 886 00e5 0B       		.uleb128 0xb
 887 00e6 27       		.uleb128 0x27
 888 00e7 19       		.uleb128 0x19
 889 00e8 49       		.uleb128 0x49
 890 00e9 13       		.uleb128 0x13
 891 00ea 11       		.uleb128 0x11
 892 00eb 01       		.uleb128 0x1
 893 00ec 12       		.uleb128 0x12
 894 00ed 06       		.uleb128 0x6
 895 00ee 40       		.uleb128 0x40
 896 00ef 18       		.uleb128 0x18
 897 00f0 9742     		.uleb128 0x2117
 898 00f2 19       		.uleb128 0x19
 899 00f3 01       		.uleb128 0x1
 900 00f4 13       		.uleb128 0x13
ARM GAS  C:\Users\user\AppData\Local\Temp\cctjQ9Ca.s 			page 22


 901 00f5 00       		.byte	0
 902 00f6 00       		.byte	0
 903 00f7 12       		.uleb128 0x12
 904 00f8 34       		.uleb128 0x34
 905 00f9 00       		.byte	0
 906 00fa 03       		.uleb128 0x3
 907 00fb 08       		.uleb128 0x8
 908 00fc 3A       		.uleb128 0x3a
 909 00fd 0B       		.uleb128 0xb
 910 00fe 3B       		.uleb128 0x3b
 911 00ff 0B       		.uleb128 0xb
 912 0100 49       		.uleb128 0x49
 913 0101 13       		.uleb128 0x13
 914 0102 02       		.uleb128 0x2
 915 0103 17       		.uleb128 0x17
 916 0104 00       		.byte	0
 917 0105 00       		.byte	0
 918 0106 13       		.uleb128 0x13
 919 0107 898201   		.uleb128 0x4109
 920 010a 01       		.byte	0x1
 921 010b 11       		.uleb128 0x11
 922 010c 01       		.uleb128 0x1
 923 010d 31       		.uleb128 0x31
 924 010e 13       		.uleb128 0x13
 925 010f 00       		.byte	0
 926 0110 00       		.byte	0
 927 0111 14       		.uleb128 0x14
 928 0112 2E       		.uleb128 0x2e
 929 0113 01       		.byte	0x1
 930 0114 3F       		.uleb128 0x3f
 931 0115 19       		.uleb128 0x19
 932 0116 03       		.uleb128 0x3
 933 0117 0E       		.uleb128 0xe
 934 0118 3A       		.uleb128 0x3a
 935 0119 0B       		.uleb128 0xb
 936 011a 3B       		.uleb128 0x3b
 937 011b 05       		.uleb128 0x5
 938 011c 27       		.uleb128 0x27
 939 011d 19       		.uleb128 0x19
 940 011e 49       		.uleb128 0x49
 941 011f 13       		.uleb128 0x13
 942 0120 11       		.uleb128 0x11
 943 0121 01       		.uleb128 0x1
 944 0122 12       		.uleb128 0x12
 945 0123 06       		.uleb128 0x6
 946 0124 40       		.uleb128 0x40
 947 0125 18       		.uleb128 0x18
 948 0126 9742     		.uleb128 0x2117
 949 0128 19       		.uleb128 0x19
 950 0129 01       		.uleb128 0x1
 951 012a 13       		.uleb128 0x13
 952 012b 00       		.byte	0
 953 012c 00       		.byte	0
 954 012d 15       		.uleb128 0x15
 955 012e 05       		.uleb128 0x5
 956 012f 00       		.byte	0
 957 0130 03       		.uleb128 0x3
ARM GAS  C:\Users\user\AppData\Local\Temp\cctjQ9Ca.s 			page 23


 958 0131 0E       		.uleb128 0xe
 959 0132 3A       		.uleb128 0x3a
 960 0133 0B       		.uleb128 0xb
 961 0134 3B       		.uleb128 0x3b
 962 0135 05       		.uleb128 0x5
 963 0136 49       		.uleb128 0x49
 964 0137 13       		.uleb128 0x13
 965 0138 02       		.uleb128 0x2
 966 0139 17       		.uleb128 0x17
 967 013a 00       		.byte	0
 968 013b 00       		.byte	0
 969 013c 16       		.uleb128 0x16
 970 013d 34       		.uleb128 0x34
 971 013e 00       		.byte	0
 972 013f 03       		.uleb128 0x3
 973 0140 0E       		.uleb128 0xe
 974 0141 3A       		.uleb128 0x3a
 975 0142 0B       		.uleb128 0xb
 976 0143 3B       		.uleb128 0x3b
 977 0144 05       		.uleb128 0x5
 978 0145 49       		.uleb128 0x49
 979 0146 13       		.uleb128 0x13
 980 0147 02       		.uleb128 0x2
 981 0148 17       		.uleb128 0x17
 982 0149 00       		.byte	0
 983 014a 00       		.byte	0
 984 014b 17       		.uleb128 0x17
 985 014c 2E       		.uleb128 0x2e
 986 014d 00       		.byte	0
 987 014e 3F       		.uleb128 0x3f
 988 014f 19       		.uleb128 0x19
 989 0150 3C       		.uleb128 0x3c
 990 0151 19       		.uleb128 0x19
 991 0152 6E       		.uleb128 0x6e
 992 0153 0E       		.uleb128 0xe
 993 0154 03       		.uleb128 0x3
 994 0155 0E       		.uleb128 0xe
 995 0156 3A       		.uleb128 0x3a
 996 0157 0B       		.uleb128 0xb
 997 0158 3B       		.uleb128 0x3b
 998 0159 0B       		.uleb128 0xb
 999 015a 00       		.byte	0
 1000 015b 00       		.byte	0
 1001 015c 00       		.byte	0
 1002              		.section	.debug_loc,"",%progbits
 1003              	.Ldebug_loc0:
 1004              	.LLST0:
 1005 0000 02000000 		.4byte	.LVL0
 1006 0004 1E000000 		.4byte	.LVL4
 1007 0008 0300     		.2byte	0x3
 1008 000a 09       		.byte	0x9
 1009 000b FF       		.byte	0xff
 1010 000c 9F       		.byte	0x9f
 1011 000d 1E000000 		.4byte	.LVL4
 1012 0011 24000000 		.4byte	.LVL6
 1013 0015 0100     		.2byte	0x1
 1014 0017 54       		.byte	0x54
ARM GAS  C:\Users\user\AppData\Local\Temp\cctjQ9Ca.s 			page 24


 1015 0018 24000000 		.4byte	.LVL6
 1016 001c 26000000 		.4byte	.LVL7
 1017 0020 0300     		.2byte	0x3
 1018 0022 09       		.byte	0x9
 1019 0023 FF       		.byte	0xff
 1020 0024 9F       		.byte	0x9f
 1021 0025 26000000 		.4byte	.LVL7
 1022 0029 2A000000 		.4byte	.LFE0
 1023 002d 0100     		.2byte	0x1
 1024 002f 54       		.byte	0x54
 1025 0030 00000000 		.4byte	0
 1026 0034 00000000 		.4byte	0
 1027              	.LLST1:
 1028 0038 00000000 		.4byte	.LVL8
 1029 003c 2C000000 		.4byte	.LVL9
 1030 0040 0100     		.2byte	0x1
 1031 0042 50       		.byte	0x50
 1032 0043 2C000000 		.4byte	.LVL9
 1033 0047 48000000 		.4byte	.LVL12
 1034 004b 0100     		.2byte	0x1
 1035 004d 55       		.byte	0x55
 1036 004e 48000000 		.4byte	.LVL12
 1037 0052 4A000000 		.4byte	.LVL13
 1038 0056 0100     		.2byte	0x1
 1039 0058 50       		.byte	0x50
 1040 0059 4A000000 		.4byte	.LVL13
 1041 005d 66000000 		.4byte	.LVL14
 1042 0061 0100     		.2byte	0x1
 1043 0063 55       		.byte	0x55
 1044 0064 66000000 		.4byte	.LVL14
 1045 0068 6C000000 		.4byte	.LVL15
 1046 006c 0100     		.2byte	0x1
 1047 006e 50       		.byte	0x50
 1048 006f 6C000000 		.4byte	.LVL15
 1049 0073 84000000 		.4byte	.LFE2
 1050 0077 0400     		.2byte	0x4
 1051 0079 F3       		.byte	0xf3
 1052 007a 01       		.uleb128 0x1
 1053 007b 50       		.byte	0x50
 1054 007c 9F       		.byte	0x9f
 1055 007d 00000000 		.4byte	0
 1056 0081 00000000 		.4byte	0
 1057              	.LLST2:
 1058 0085 44000000 		.4byte	.LVL11
 1059 0089 48000000 		.4byte	.LVL12
 1060 008d 0200     		.2byte	0x2
 1061 008f 30       		.byte	0x30
 1062 0090 9F       		.byte	0x9f
 1063 0091 4A000000 		.4byte	.LVL13
 1064 0095 66000000 		.4byte	.LVL14
 1065 0099 0100     		.2byte	0x1
 1066 009b 54       		.byte	0x54
 1067 009c 6C000000 		.4byte	.LVL15
 1068 00a0 7A000000 		.4byte	.LVL17
 1069 00a4 0100     		.2byte	0x1
 1070 00a6 54       		.byte	0x54
 1071 00a7 7A000000 		.4byte	.LVL17
ARM GAS  C:\Users\user\AppData\Local\Temp\cctjQ9Ca.s 			page 25


 1072 00ab 84000000 		.4byte	.LFE2
 1073 00af 0100     		.2byte	0x1
 1074 00b1 50       		.byte	0x50
 1075 00b2 00000000 		.4byte	0
 1076 00b6 00000000 		.4byte	0
 1077              	.LLST3:
 1078 00ba 00000000 		.4byte	.LVL18
 1079 00be 07000000 		.4byte	.LVL19-1
 1080 00c2 0100     		.2byte	0x1
 1081 00c4 50       		.byte	0x50
 1082 00c5 07000000 		.4byte	.LVL19-1
 1083 00c9 42000000 		.4byte	.LVL30
 1084 00cd 0100     		.2byte	0x1
 1085 00cf 56       		.byte	0x56
 1086 00d0 42000000 		.4byte	.LVL30
 1087 00d4 48000000 		.4byte	.LFE3
 1088 00d8 0400     		.2byte	0x4
 1089 00da F3       		.byte	0xf3
 1090 00db 01       		.uleb128 0x1
 1091 00dc 50       		.byte	0x50
 1092 00dd 9F       		.byte	0x9f
 1093 00de 00000000 		.4byte	0
 1094 00e2 00000000 		.4byte	0
 1095              	.LLST4:
 1096 00e6 10000000 		.4byte	.LVL21
 1097 00ea 32000000 		.4byte	.LVL25
 1098 00ee 0100     		.2byte	0x1
 1099 00f0 54       		.byte	0x54
 1100 00f1 34000000 		.4byte	.LVL26
 1101 00f5 36000000 		.4byte	.LVL27
 1102 00f9 0100     		.2byte	0x1
 1103 00fb 54       		.byte	0x54
 1104 00fc 3A000000 		.4byte	.LVL28
 1105 0100 3E000000 		.4byte	.LVL29
 1106 0104 0100     		.2byte	0x1
 1107 0106 54       		.byte	0x54
 1108 0107 00000000 		.4byte	0
 1109 010b 00000000 		.4byte	0
 1110              	.LLST5:
 1111 010f 0A000000 		.4byte	.LVL20
 1112 0113 10000000 		.4byte	.LVL21
 1113 0117 0100     		.2byte	0x1
 1114 0119 50       		.byte	0x50
 1115 011a 10000000 		.4byte	.LVL21
 1116 011e 36000000 		.4byte	.LVL27
 1117 0122 0100     		.2byte	0x1
 1118 0124 55       		.byte	0x55
 1119 0125 36000000 		.4byte	.LVL27
 1120 0129 3A000000 		.4byte	.LVL28
 1121 012d 0100     		.2byte	0x1
 1122 012f 50       		.byte	0x50
 1123 0130 3A000000 		.4byte	.LVL28
 1124 0134 42000000 		.4byte	.LVL30
 1125 0138 0100     		.2byte	0x1
 1126 013a 55       		.byte	0x55
 1127 013b 42000000 		.4byte	.LVL30
 1128 013f 48000000 		.4byte	.LFE3
ARM GAS  C:\Users\user\AppData\Local\Temp\cctjQ9Ca.s 			page 26


 1129 0143 0100     		.2byte	0x1
 1130 0145 50       		.byte	0x50
 1131 0146 00000000 		.4byte	0
 1132 014a 00000000 		.4byte	0
 1133              	.LLST6:
 1134 014e 00000000 		.4byte	.LVL31
 1135 0152 08000000 		.4byte	.LVL33
 1136 0156 0100     		.2byte	0x1
 1137 0158 50       		.byte	0x50
 1138 0159 08000000 		.4byte	.LVL33
 1139 015d 1E000000 		.4byte	.LFE4
 1140 0161 0100     		.2byte	0x1
 1141 0163 55       		.byte	0x55
 1142 0164 00000000 		.4byte	0
 1143 0168 00000000 		.4byte	0
 1144              	.LLST7:
 1145 016c 08000000 		.4byte	.LVL33
 1146 0170 0D000000 		.4byte	.LVL34-1
 1147 0174 0100     		.2byte	0x1
 1148 0176 53       		.byte	0x53
 1149 0177 0E000000 		.4byte	.LVL34
 1150 017b 16000000 		.4byte	.LVL36
 1151 017f 0100     		.2byte	0x1
 1152 0181 50       		.byte	0x50
 1153 0182 16000000 		.4byte	.LVL36
 1154 0186 1E000000 		.4byte	.LFE4
 1155 018a 0100     		.2byte	0x1
 1156 018c 53       		.byte	0x53
 1157 018d 00000000 		.4byte	0
 1158 0191 00000000 		.4byte	0
 1159              	.LLST8:
 1160 0195 04000000 		.4byte	.LVL32
 1161 0199 08000000 		.4byte	.LVL33
 1162 019d 0200     		.2byte	0x2
 1163 019f 32       		.byte	0x32
 1164 01a0 9F       		.byte	0x9f
 1165 01a1 08000000 		.4byte	.LVL33
 1166 01a5 14000000 		.4byte	.LVL35
 1167 01a9 0100     		.2byte	0x1
 1168 01ab 54       		.byte	0x54
 1169 01ac 16000000 		.4byte	.LVL36
 1170 01b0 1E000000 		.4byte	.LFE4
 1171 01b4 0100     		.2byte	0x1
 1172 01b6 54       		.byte	0x54
 1173 01b7 00000000 		.4byte	0
 1174 01bb 00000000 		.4byte	0
 1175              		.section	.debug_aranges,"",%progbits
 1176 0000 3C000000 		.4byte	0x3c
 1177 0004 0200     		.2byte	0x2
 1178 0006 00000000 		.4byte	.Ldebug_info0
 1179 000a 04       		.byte	0x4
 1180 000b 00       		.byte	0
 1181 000c 0000     		.2byte	0
 1182 000e 0000     		.2byte	0
 1183 0010 00000000 		.4byte	.LFB0
 1184 0014 2A000000 		.4byte	.LFE0-.LFB0
 1185 0018 00000000 		.4byte	.LFB1
ARM GAS  C:\Users\user\AppData\Local\Temp\cctjQ9Ca.s 			page 27


 1186 001c 02000000 		.4byte	.LFE1-.LFB1
 1187 0020 00000000 		.4byte	.LFB2
 1188 0024 84000000 		.4byte	.LFE2-.LFB2
 1189 0028 00000000 		.4byte	.LFB3
 1190 002c 48000000 		.4byte	.LFE3-.LFB3
 1191 0030 00000000 		.4byte	.LFB4
 1192 0034 1E000000 		.4byte	.LFE4-.LFB4
 1193 0038 00000000 		.4byte	0
 1194 003c 00000000 		.4byte	0
 1195              		.section	.debug_ranges,"",%progbits
 1196              	.Ldebug_ranges0:
 1197 0000 00000000 		.4byte	.LFB0
 1198 0004 2A000000 		.4byte	.LFE0
 1199 0008 00000000 		.4byte	.LFB1
 1200 000c 02000000 		.4byte	.LFE1
 1201 0010 00000000 		.4byte	.LFB2
 1202 0014 84000000 		.4byte	.LFE2
 1203 0018 00000000 		.4byte	.LFB3
 1204 001c 48000000 		.4byte	.LFE3
 1205 0020 00000000 		.4byte	.LFB4
 1206 0024 1E000000 		.4byte	.LFE4
 1207 0028 00000000 		.4byte	0
 1208 002c 00000000 		.4byte	0
 1209              		.section	.debug_line,"",%progbits
 1210              	.Ldebug_line0:
 1211 0000 04010000 		.section	.debug_str,"MS",%progbits,1
 1211      02005C00 
 1211      00000201 
 1211      FB0E0D00 
 1211      01010101 
 1212              	.LASF16:
 1213 0000 63797374 		.ascii	"cystatus\000"
 1213      61747573 
 1213      00
 1214              	.LASF27:
 1215 0009 43795370 		.ascii	"CySpcStart\000"
 1215      63537461 
 1215      727400
 1216              	.LASF13:
 1217 0014 666C6F61 		.ascii	"float\000"
 1217      7400
 1218              	.LASF26:
 1219 001a 636F756E 		.ascii	"count\000"
 1219      7400
 1220              	.LASF21:
 1221 0020 44696554 		.ascii	"DieTemp_1_Query\000"
 1221      656D705F 
 1221      315F5175 
 1221      65727900 
 1222              	.LASF3:
 1223 0030 73686F72 		.ascii	"short unsigned int\000"
 1223      7420756E 
 1223      7369676E 
 1223      65642069 
 1223      6E7400
 1224              	.LASF22:
 1225 0043 73746174 		.ascii	"status\000"
ARM GAS  C:\Users\user\AppData\Local\Temp\cctjQ9Ca.s 			page 28


 1225      757300
 1226              	.LASF25:
 1227 004a 44696554 		.ascii	"DieTemp_1_GetTemp\000"
 1227      656D705F 
 1227      315F4765 
 1227      7454656D 
 1227      7000
 1228              	.LASF24:
 1229 005c 74656D70 		.ascii	"temperature\000"
 1229      65726174 
 1229      75726500 
 1230              	.LASF1:
 1231 0068 756E7369 		.ascii	"unsigned char\000"
 1231      676E6564 
 1231      20636861 
 1231      7200
 1232              	.LASF32:
 1233 0076 474E5520 		.ascii	"GNU C11 5.4.1 20160609 (release) [ARM/embedded-5-br"
 1233      43313120 
 1233      352E342E 
 1233      31203230 
 1233      31363036 
 1234 00a9 616E6368 		.ascii	"anch revision 237715] -mcpu=cortex-m3 -mthumb -g -O"
 1234      20726576 
 1234      6973696F 
 1234      6E203233 
 1234      37373135 
 1235 00dc 67202D66 		.ascii	"g -ffunction-sections -ffat-lto-objects\000"
 1235      66756E63 
 1235      74696F6E 
 1235      2D736563 
 1235      74696F6E 
 1236              	.LASF17:
 1237 0104 72656738 		.ascii	"reg8\000"
 1237      00
 1238              	.LASF12:
 1239 0109 696E7431 		.ascii	"int16\000"
 1239      3600
 1240              	.LASF5:
 1241 010f 6C6F6E67 		.ascii	"long unsigned int\000"
 1241      20756E73 
 1241      69676E65 
 1241      6420696E 
 1241      7400
 1242              	.LASF23:
 1243 0121 74656D70 		.ascii	"temp\000"
 1243      00
 1244              	.LASF9:
 1245 0126 75696E74 		.ascii	"uint8\000"
 1245      3800
 1246              	.LASF14:
 1247 012c 646F7562 		.ascii	"double\000"
 1247      6C6500
 1248              	.LASF29:
 1249 0133 43795370 		.ascii	"CySpcGetTemp\000"
 1249      63476574 
 1249      54656D70 
ARM GAS  C:\Users\user\AppData\Local\Temp\cctjQ9Ca.s 			page 29


 1249      00
 1250              	.LASF10:
 1251 0140 75696E74 		.ascii	"uint16\000"
 1251      313600
 1252              	.LASF28:
 1253 0147 43795370 		.ascii	"CySpcLock\000"
 1253      634C6F63 
 1253      6B00
 1254              	.LASF11:
 1255 0151 75696E74 		.ascii	"uint32\000"
 1255      333200
 1256              	.LASF8:
 1257 0158 756E7369 		.ascii	"unsigned int\000"
 1257      676E6564 
 1257      20696E74 
 1257      00
 1258              	.LASF36:
 1259 0165 44696554 		.ascii	"DieTemp_1_GetTempT\000"
 1259      656D705F 
 1259      315F4765 
 1259      7454656D 
 1259      705400
 1260              	.LASF7:
 1261 0178 6C6F6E67 		.ascii	"long long unsigned int\000"
 1261      206C6F6E 
 1261      6720756E 
 1261      7369676E 
 1261      65642069 
 1262              	.LASF19:
 1263 018f 73697A65 		.ascii	"sizetype\000"
 1263      74797065 
 1263      00
 1264              	.LASF30:
 1265 0198 43795370 		.ascii	"CySpcUnlock\000"
 1265      63556E6C 
 1265      6F636B00 
 1266              	.LASF6:
 1267 01a4 6C6F6E67 		.ascii	"long long int\000"
 1267      206C6F6E 
 1267      6720696E 
 1267      7400
 1268              	.LASF31:
 1269 01b2 43794465 		.ascii	"CyDelayUs\000"
 1269      6C617955 
 1269      7300
 1270              	.LASF15:
 1271 01bc 63686172 		.ascii	"char\000"
 1271      00
 1272              	.LASF2:
 1273 01c1 73686F72 		.ascii	"short int\000"
 1273      7420696E 
 1273      7400
 1274              	.LASF35:
 1275 01cb 44696554 		.ascii	"DieTemp_1_Stop\000"
 1275      656D705F 
 1275      315F5374 
 1275      6F7000
ARM GAS  C:\Users\user\AppData\Local\Temp\cctjQ9Ca.s 			page 30


 1276              	.LASF33:
 1277 01da 47656E65 		.ascii	"Generated_Source\\PSoC5\\DieTemp_1.c\000"
 1277      72617465 
 1277      645F536F 
 1277      75726365 
 1277      5C50536F 
 1278              	.LASF4:
 1279 01fd 6C6F6E67 		.ascii	"long int\000"
 1279      20696E74 
 1279      00
 1280              	.LASF18:
 1281 0206 6C6F6E67 		.ascii	"long double\000"
 1281      20646F75 
 1281      626C6500 
 1282              	.LASF34:
 1283 0212 433A5C64 		.ascii	"C:\\data\\GitHub\\rear-driving-camera\\Cypress\\rea"
 1283      6174615C 
 1283      47697448 
 1283      75625C72 
 1283      6561722D 
 1284 0240 725F6472 		.ascii	"r_drive_camera\\rear_drive_camera\\rear_drive_camer"
 1284      6976655F 
 1284      63616D65 
 1284      72615C72 
 1284      6561725F 
 1285 0271 615F3031 		.ascii	"a_01.cydsn\000"
 1285      2E637964 
 1285      736E00
 1286              	.LASF0:
 1287 027c 7369676E 		.ascii	"signed char\000"
 1287      65642063 
 1287      68617200 
 1288              	.LASF20:
 1289 0288 44696554 		.ascii	"DieTemp_1_Start\000"
 1289      656D705F 
 1289      315F5374 
 1289      61727400 
 1290              		.ident	"GCC: (GNU Tools for ARM Embedded Processors) 5.4.1 20160609 (release) [ARM/embedded-5-bran
