ARM GAS  C:\Users\user\AppData\Local\Temp\cc87Rqzx.s 			page 1


   1              		.syntax unified
   2              		.cpu cortex-m3
   3              		.fpu softvfp
   4              		.eabi_attribute 20, 1
   5              		.eabi_attribute 21, 1
   6              		.eabi_attribute 23, 3
   7              		.eabi_attribute 24, 1
   8              		.eabi_attribute 25, 1
   9              		.eabi_attribute 26, 1
  10              		.eabi_attribute 30, 1
  11              		.eabi_attribute 34, 1
  12              		.eabi_attribute 18, 4
  13              		.thumb
  14              		.syntax unified
  15              		.file	"main.c"
  16              		.text
  17              	.Ltext0:
  18              		.cfi_sections	.debug_frame
  19              		.section	.text.main,"ax",%progbits
  20              		.align	2
  21              		.global	main
  22              		.thumb
  23              		.thumb_func
  24              		.type	main, %function
  25              	main:
  26              	.LFB64:
  27              		.file 1 "main.c"
   1:main.c        **** /* ========================================
   2:main.c        ****  *
   3:main.c        ****  * Copyright YOUR COMPANY, THE YEAR
   4:main.c        ****  * All Rights Reserved
   5:main.c        ****  * UNPUBLISHED, LICENSED SOFTWARE.
   6:main.c        ****  *
   7:main.c        ****  * CONFIDENTIAL AND PROPRIETARY INFORMATION
   8:main.c        ****  * WHICH IS THE PROPERTY OF your company.
   9:main.c        ****  *
  10:main.c        ****  * ========================================
  11:main.c        **** */
  12:main.c        **** #include "project.h"
  13:main.c        **** #include "stdio.h"
  14:main.c        **** 
  15:main.c        **** uint8_t HC_SR01_Distance;
  16:main.c        **** 
  17:main.c        **** int main(void)
  18:main.c        **** {
  28              		.loc 1 18 0
  29              		.cfi_startproc
  30              		@ args = 0, pretend = 0, frame = 256
  31              		@ frame_needed = 0, uses_anonymous_args = 0
  32 0000 00B5     		push	{lr}
  33              		.cfi_def_cfa_offset 4
  34              		.cfi_offset 14, -4
  35 0002 C1B0     		sub	sp, sp, #260
  36              		.cfi_def_cfa_offset 264
  19:main.c        ****     
  20:main.c        ****     char uart_buffer[256];
  21:main.c        ****     CyGlobalIntEnable; /* Enable global interrupts. */
ARM GAS  C:\Users\user\AppData\Local\Temp\cc87Rqzx.s 			page 2


  37              		.loc 1 21 0
  38              		.syntax unified
  39              	@ 21 "main.c" 1
  40 0004 62B6     		CPSIE   i
  41              	@ 0 "" 2
  22:main.c        ****    
  23:main.c        **** 
  24:main.c        ****     /* Place your initialization/startup code here (e.g. MyInst_Start()) */
  25:main.c        ****     UART_1_Enable();
  42              		.loc 1 25 0
  43              		.thumb
  44              		.syntax unified
  45 0006 FFF7FEFF 		bl	UART_1_Enable
  46              	.LVL0:
  26:main.c        ****     UART_1_Start();
  47              		.loc 1 26 0
  48 000a FFF7FEFF 		bl	UART_1_Start
  49              	.LVL1:
  27:main.c        ****     ISR_HC_SR04_1_Start();
  50              		.loc 1 27 0
  51 000e FFF7FEFF 		bl	ISR_HC_SR04_1_Start
  52              	.LVL2:
  28:main.c        ****     UART_1_ClearTxBuffer();
  53              		.loc 1 28 0
  54 0012 FFF7FEFF 		bl	UART_1_ClearTxBuffer
  55              	.LVL3:
  29:main.c        ****     SonicClock_Enable();
  56              		.loc 1 29 0
  57 0016 FFF7FEFF 		bl	SonicClock_Start
  58              	.LVL4:
  30:main.c        ****     PWM_CLOCK_Enable();
  59              		.loc 1 30 0
  60 001a FFF7FEFF 		bl	PWM_CLOCK_Start
  61              	.LVL5:
  31:main.c        ****     PWM_1_Start();
  62              		.loc 1 31 0
  63 001e FFF7FEFF 		bl	PWM_1_Start
  64              	.LVL6:
  65              	.L2:
  32:main.c        ****     
  33:main.c        **** 
  34:main.c        ****     for(;;)
  35:main.c        ****     {
  36:main.c        ****         /* Place your application code here. */
  37:main.c        ****         //wait for empty queue
  38:main.c        ****         while(UART_1_ReadTxStatus()& UART_1_TX_STS_FIFO_FULL ){
  66              		.loc 1 38 0 discriminator 1
  67 0022 FFF7FEFF 		bl	UART_1_ReadTxStatus
  68              	.LVL7:
  69 0026 10F0040F 		tst	r0, #4
  70 002a FAD1     		bne	.L2
  39:main.c        ****         };
  40:main.c        ****         CyDelay(2000u);
  71              		.loc 1 40 0
  72 002c 4FF4FA60 		mov	r0, #2000
  73 0030 FFF7FEFF 		bl	CyDelay
  74              	.LVL8:
ARM GAS  C:\Users\user\AppData\Local\Temp\cc87Rqzx.s 			page 3


  41:main.c        ****         //User_LED_Write(!User_LED_Read());
  42:main.c        ****         sprintf(uart_buffer,"Distance %u mm \r\n",HC_SR01_Distance);
  75              		.loc 1 42 0
  76 0034 044B     		ldr	r3, .L5
  77 0036 1A78     		ldrb	r2, [r3]	@ zero_extendqisi2
  78 0038 0449     		ldr	r1, .L5+4
  79 003a 6846     		mov	r0, sp
  80 003c FFF7FEFF 		bl	sprintf
  81              	.LVL9:
  43:main.c        ****         UART_1_PutString(uart_buffer);
  82              		.loc 1 43 0
  83 0040 6846     		mov	r0, sp
  84 0042 FFF7FEFF 		bl	UART_1_PutString
  85              	.LVL10:
  44:main.c        ****         
  45:main.c        **** 
  46:main.c        ****         //CyPmSleep(PM_SLEEP_TIME_NONE, PM_SLEEP_SRC_CTW);
  47:main.c        ****         
  48:main.c        ****         
  49:main.c        ****     }
  86              		.loc 1 49 0
  87 0046 ECE7     		b	.L2
  88              	.L6:
  89              		.align	2
  90              	.L5:
  91 0048 00000000 		.word	HC_SR01_Distance
  92 004c 00000000 		.word	.LC0
  93              		.cfi_endproc
  94              	.LFE64:
  95              		.size	main, .-main
  96              		.comm	HC_SR01_Distance,1,1
  97              		.section	.rodata.str1.4,"aMS",%progbits,1
  98              		.align	2
  99              	.LC0:
 100 0000 44697374 		.ascii	"Distance %u mm \015\012\000"
 100      616E6365 
 100      20257520 
 100      6D6D200D 
 100      0A00
 101              		.text
 102              	.Letext0:
 103              		.file 2 "c:\\program files (x86)\\cypress\\psoc creator\\4.4\\psoc creator\\import\\gnu\\arm\\5.4.
 104              		.file 3 "c:\\program files (x86)\\cypress\\psoc creator\\4.4\\psoc creator\\import\\gnu\\arm\\5.4.
 105              		.file 4 "Generated_Source\\PSoC5/cytypes.h"
 106              		.file 5 "Generated_Source\\PSoC5/core_cm3.h"
 107              		.file 6 "Generated_Source\\PSoC5/UART_1.h"
 108              		.file 7 "Generated_Source\\PSoC5/ISR_HC_SR04_1.h"
 109              		.file 8 "Generated_Source\\PSoC5/SonicClock.h"
 110              		.file 9 "Generated_Source\\PSoC5/PWM_CLOCK.h"
 111              		.file 10 "Generated_Source\\PSoC5/PWM_1.h"
 112              		.file 11 "Generated_Source\\PSoC5/CyLib.h"
 113              		.file 12 "c:\\program files (x86)\\cypress\\psoc creator\\4.4\\psoc creator\\import\\gnu\\arm\\5.4
 114              		.section	.debug_info,"",%progbits
 115              	.Ldebug_info0:
 116 0000 21020000 		.4byte	0x221
 117 0004 0400     		.2byte	0x4
 118 0006 00000000 		.4byte	.Ldebug_abbrev0
ARM GAS  C:\Users\user\AppData\Local\Temp\cc87Rqzx.s 			page 4


 119 000a 04       		.byte	0x4
 120 000b 01       		.uleb128 0x1
 121 000c 93000000 		.4byte	.LASF32
 122 0010 0C       		.byte	0xc
 123 0011 B4010000 		.4byte	.LASF33
 124 0015 12020000 		.4byte	.LASF34
 125 0019 00000000 		.4byte	.Ldebug_ranges0+0
 126 001d 00000000 		.4byte	0
 127 0021 00000000 		.4byte	.Ldebug_line0
 128 0025 02       		.uleb128 0x2
 129 0026 01       		.byte	0x1
 130 0027 06       		.byte	0x6
 131 0028 7C020000 		.4byte	.LASF0
 132 002c 03       		.uleb128 0x3
 133 002d 0D000000 		.4byte	.LASF4
 134 0031 02       		.byte	0x2
 135 0032 1D       		.byte	0x1d
 136 0033 37000000 		.4byte	0x37
 137 0037 02       		.uleb128 0x2
 138 0038 01       		.byte	0x1
 139 0039 08       		.byte	0x8
 140 003a 85000000 		.4byte	.LASF1
 141 003e 02       		.uleb128 0x2
 142 003f 02       		.byte	0x2
 143 0040 05       		.byte	0x5
 144 0041 D0010000 		.4byte	.LASF2
 145 0045 02       		.uleb128 0x2
 146 0046 02       		.byte	0x2
 147 0047 07       		.byte	0x7
 148 0048 41000000 		.4byte	.LASF3
 149 004c 03       		.uleb128 0x3
 150 004d 37000000 		.4byte	.LASF5
 151 0051 02       		.byte	0x2
 152 0052 3F       		.byte	0x3f
 153 0053 57000000 		.4byte	0x57
 154 0057 02       		.uleb128 0x2
 155 0058 04       		.byte	0x4
 156 0059 05       		.byte	0x5
 157 005a EF010000 		.4byte	.LASF6
 158 005e 02       		.uleb128 0x2
 159 005f 04       		.byte	0x4
 160 0060 07       		.byte	0x7
 161 0061 21010000 		.4byte	.LASF7
 162 0065 02       		.uleb128 0x2
 163 0066 08       		.byte	0x8
 164 0067 05       		.byte	0x5
 165 0068 A6010000 		.4byte	.LASF8
 166 006c 02       		.uleb128 0x2
 167 006d 08       		.byte	0x8
 168 006e 07       		.byte	0x7
 169 006f 65010000 		.4byte	.LASF9
 170 0073 04       		.uleb128 0x4
 171 0074 04       		.byte	0x4
 172 0075 05       		.byte	0x5
 173 0076 696E7400 		.ascii	"int\000"
 174 007a 02       		.uleb128 0x2
 175 007b 04       		.byte	0x4
ARM GAS  C:\Users\user\AppData\Local\Temp\cc87Rqzx.s 			page 5


 176 007c 07       		.byte	0x7
 177 007d 58010000 		.4byte	.LASF10
 178 0081 03       		.uleb128 0x3
 179 0082 7C010000 		.4byte	.LASF11
 180 0086 03       		.byte	0x3
 181 0087 18       		.byte	0x18
 182 0088 2C000000 		.4byte	0x2c
 183 008c 03       		.uleb128 0x3
 184 008d 95010000 		.4byte	.LASF12
 185 0091 03       		.byte	0x3
 186 0092 2C       		.byte	0x2c
 187 0093 4C000000 		.4byte	0x4c
 188 0097 05       		.uleb128 0x5
 189 0098 7F000000 		.4byte	.LASF13
 190 009c 04       		.byte	0x4
 191 009d E801     		.2byte	0x1e8
 192 009f 37000000 		.4byte	0x37
 193 00a3 02       		.uleb128 0x2
 194 00a4 04       		.byte	0x4
 195 00a5 04       		.byte	0x4
 196 00a6 79000000 		.4byte	.LASF14
 197 00aa 02       		.uleb128 0x2
 198 00ab 08       		.byte	0x8
 199 00ac 04       		.byte	0x4
 200 00ad 4C010000 		.4byte	.LASF15
 201 00b1 02       		.uleb128 0x2
 202 00b2 01       		.byte	0x1
 203 00b3 08       		.byte	0x8
 204 00b4 BB010000 		.4byte	.LASF16
 205 00b8 02       		.uleb128 0x2
 206 00b9 08       		.byte	0x8
 207 00ba 04       		.byte	0x4
 208 00bb 06020000 		.4byte	.LASF17
 209 00bf 02       		.uleb128 0x2
 210 00c0 04       		.byte	0x4
 211 00c1 07       		.byte	0x7
 212 00c2 9D010000 		.4byte	.LASF18
 213 00c6 06       		.uleb128 0x6
 214 00c7 53010000 		.4byte	.LASF35
 215 00cb 01       		.byte	0x1
 216 00cc 11       		.byte	0x11
 217 00cd 73000000 		.4byte	0x73
 218 00d1 00000000 		.4byte	.LFB64
 219 00d5 50000000 		.4byte	.LFE64-.LFB64
 220 00d9 01       		.uleb128 0x1
 221 00da 9C       		.byte	0x9c
 222 00db 79010000 		.4byte	0x179
 223 00df 07       		.uleb128 0x7
 224 00e0 17000000 		.4byte	.LASF36
 225 00e4 01       		.byte	0x1
 226 00e5 14       		.byte	0x14
 227 00e6 79010000 		.4byte	0x179
 228 00ea 03       		.uleb128 0x3
 229 00eb 91       		.byte	0x91
 230 00ec F87D     		.sleb128 -264
 231 00ee 08       		.uleb128 0x8
 232 00ef 0A000000 		.4byte	.LVL0
ARM GAS  C:\Users\user\AppData\Local\Temp\cc87Rqzx.s 			page 6


 233 00f3 AB010000 		.4byte	0x1ab
 234 00f7 08       		.uleb128 0x8
 235 00f8 0E000000 		.4byte	.LVL1
 236 00fc B6010000 		.4byte	0x1b6
 237 0100 08       		.uleb128 0x8
 238 0101 12000000 		.4byte	.LVL2
 239 0105 C1010000 		.4byte	0x1c1
 240 0109 08       		.uleb128 0x8
 241 010a 16000000 		.4byte	.LVL3
 242 010e CC010000 		.4byte	0x1cc
 243 0112 08       		.uleb128 0x8
 244 0113 1A000000 		.4byte	.LVL4
 245 0117 D7010000 		.4byte	0x1d7
 246 011b 08       		.uleb128 0x8
 247 011c 1E000000 		.4byte	.LVL5
 248 0120 E2010000 		.4byte	0x1e2
 249 0124 08       		.uleb128 0x8
 250 0125 22000000 		.4byte	.LVL6
 251 0129 ED010000 		.4byte	0x1ed
 252 012d 08       		.uleb128 0x8
 253 012e 26000000 		.4byte	.LVL7
 254 0132 F8010000 		.4byte	0x1f8
 255 0136 09       		.uleb128 0x9
 256 0137 34000000 		.4byte	.LVL8
 257 013b 03020000 		.4byte	0x203
 258 013f 4B010000 		.4byte	0x14b
 259 0143 0A       		.uleb128 0xa
 260 0144 01       		.uleb128 0x1
 261 0145 50       		.byte	0x50
 262 0146 03       		.uleb128 0x3
 263 0147 0A       		.byte	0xa
 264 0148 D007     		.2byte	0x7d0
 265 014a 00       		.byte	0
 266 014b 09       		.uleb128 0x9
 267 014c 40000000 		.4byte	.LVL9
 268 0150 0E020000 		.4byte	0x20e
 269 0154 68010000 		.4byte	0x168
 270 0158 0A       		.uleb128 0xa
 271 0159 01       		.uleb128 0x1
 272 015a 50       		.byte	0x50
 273 015b 02       		.uleb128 0x2
 274 015c 7D       		.byte	0x7d
 275 015d 00       		.sleb128 0
 276 015e 0A       		.uleb128 0xa
 277 015f 01       		.uleb128 0x1
 278 0160 51       		.byte	0x51
 279 0161 05       		.uleb128 0x5
 280 0162 03       		.byte	0x3
 281 0163 00000000 		.4byte	.LC0
 282 0167 00       		.byte	0
 283 0168 0B       		.uleb128 0xb
 284 0169 46000000 		.4byte	.LVL10
 285 016d 19020000 		.4byte	0x219
 286 0171 0A       		.uleb128 0xa
 287 0172 01       		.uleb128 0x1
 288 0173 50       		.byte	0x50
 289 0174 02       		.uleb128 0x2
ARM GAS  C:\Users\user\AppData\Local\Temp\cc87Rqzx.s 			page 7


 290 0175 7D       		.byte	0x7d
 291 0176 00       		.sleb128 0
 292 0177 00       		.byte	0
 293 0178 00       		.byte	0
 294 0179 0C       		.uleb128 0xc
 295 017a B1000000 		.4byte	0xb1
 296 017e 89010000 		.4byte	0x189
 297 0182 0D       		.uleb128 0xd
 298 0183 BF000000 		.4byte	0xbf
 299 0187 FF       		.byte	0xff
 300 0188 00       		.byte	0
 301 0189 0E       		.uleb128 0xe
 302 018a 3F010000 		.4byte	.LASF19
 303 018e 05       		.byte	0x5
 304 018f 1207     		.2byte	0x712
 305 0191 95010000 		.4byte	0x195
 306 0195 0F       		.uleb128 0xf
 307 0196 8C000000 		.4byte	0x8c
 308 019a 10       		.uleb128 0x10
 309 019b 84010000 		.4byte	.LASF20
 310 019f 01       		.byte	0x1
 311 01a0 0F       		.byte	0xf
 312 01a1 81000000 		.4byte	0x81
 313 01a5 05       		.uleb128 0x5
 314 01a6 03       		.byte	0x3
 315 01a7 00000000 		.4byte	HC_SR01_Distance
 316 01ab 11       		.uleb128 0x11
 317 01ac F8010000 		.4byte	.LASF21
 318 01b0 F8010000 		.4byte	.LASF21
 319 01b4 06       		.byte	0x6
 320 01b5 5A       		.byte	0x5a
 321 01b6 11       		.uleb128 0x11
 322 01b7 00000000 		.4byte	.LASF22
 323 01bb 00000000 		.4byte	.LASF22
 324 01bf 06       		.byte	0x6
 325 01c0 54       		.byte	0x54
 326 01c1 11       		.uleb128 0x11
 327 01c2 23000000 		.4byte	.LASF23
 328 01c6 23000000 		.4byte	.LASF23
 329 01ca 07       		.byte	0x7
 330 01cb 17       		.byte	0x17
 331 01cc 11       		.uleb128 0x11
 332 01cd DA010000 		.4byte	.LASF24
 333 01d1 DA010000 		.4byte	.LASF24
 334 01d5 06       		.byte	0x6
 335 01d6 8F       		.byte	0x8f
 336 01d7 11       		.uleb128 0x11
 337 01d8 68000000 		.4byte	.LASF25
 338 01dc 68000000 		.4byte	.LASF25
 339 01e0 08       		.byte	0x8
 340 01e1 27       		.byte	0x27
 341 01e2 11       		.uleb128 0x11
 342 01e3 C0010000 		.4byte	.LASF26
 343 01e7 C0010000 		.4byte	.LASF26
 344 01eb 09       		.byte	0x9
 345 01ec 27       		.byte	0x27
 346 01ed 11       		.uleb128 0x11
ARM GAS  C:\Users\user\AppData\Local\Temp\cc87Rqzx.s 			page 8


 347 01ee 33010000 		.4byte	.LASF27
 348 01f2 33010000 		.4byte	.LASF27
 349 01f6 0A       		.byte	0xa
 350 01f7 92       		.byte	0x92
 351 01f8 11       		.uleb128 0x11
 352 01f9 54000000 		.4byte	.LASF28
 353 01fd 54000000 		.4byte	.LASF28
 354 0201 06       		.byte	0x6
 355 0202 89       		.byte	0x89
 356 0203 11       		.uleb128 0x11
 357 0204 A1020000 		.4byte	.LASF29
 358 0208 A1020000 		.4byte	.LASF29
 359 020c 0B       		.byte	0xb
 360 020d 76       		.byte	0x76
 361 020e 11       		.uleb128 0x11
 362 020f 99020000 		.4byte	.LASF30
 363 0213 99020000 		.4byte	.LASF30
 364 0217 0C       		.byte	0xc
 365 0218 E7       		.byte	0xe7
 366 0219 11       		.uleb128 0x11
 367 021a 88020000 		.4byte	.LASF31
 368 021e 88020000 		.4byte	.LASF31
 369 0222 06       		.byte	0x6
 370 0223 8B       		.byte	0x8b
 371 0224 00       		.byte	0
 372              		.section	.debug_abbrev,"",%progbits
 373              	.Ldebug_abbrev0:
 374 0000 01       		.uleb128 0x1
 375 0001 11       		.uleb128 0x11
 376 0002 01       		.byte	0x1
 377 0003 25       		.uleb128 0x25
 378 0004 0E       		.uleb128 0xe
 379 0005 13       		.uleb128 0x13
 380 0006 0B       		.uleb128 0xb
 381 0007 03       		.uleb128 0x3
 382 0008 0E       		.uleb128 0xe
 383 0009 1B       		.uleb128 0x1b
 384 000a 0E       		.uleb128 0xe
 385 000b 55       		.uleb128 0x55
 386 000c 17       		.uleb128 0x17
 387 000d 11       		.uleb128 0x11
 388 000e 01       		.uleb128 0x1
 389 000f 10       		.uleb128 0x10
 390 0010 17       		.uleb128 0x17
 391 0011 00       		.byte	0
 392 0012 00       		.byte	0
 393 0013 02       		.uleb128 0x2
 394 0014 24       		.uleb128 0x24
 395 0015 00       		.byte	0
 396 0016 0B       		.uleb128 0xb
 397 0017 0B       		.uleb128 0xb
 398 0018 3E       		.uleb128 0x3e
 399 0019 0B       		.uleb128 0xb
 400 001a 03       		.uleb128 0x3
 401 001b 0E       		.uleb128 0xe
 402 001c 00       		.byte	0
 403 001d 00       		.byte	0
ARM GAS  C:\Users\user\AppData\Local\Temp\cc87Rqzx.s 			page 9


 404 001e 03       		.uleb128 0x3
 405 001f 16       		.uleb128 0x16
 406 0020 00       		.byte	0
 407 0021 03       		.uleb128 0x3
 408 0022 0E       		.uleb128 0xe
 409 0023 3A       		.uleb128 0x3a
 410 0024 0B       		.uleb128 0xb
 411 0025 3B       		.uleb128 0x3b
 412 0026 0B       		.uleb128 0xb
 413 0027 49       		.uleb128 0x49
 414 0028 13       		.uleb128 0x13
 415 0029 00       		.byte	0
 416 002a 00       		.byte	0
 417 002b 04       		.uleb128 0x4
 418 002c 24       		.uleb128 0x24
 419 002d 00       		.byte	0
 420 002e 0B       		.uleb128 0xb
 421 002f 0B       		.uleb128 0xb
 422 0030 3E       		.uleb128 0x3e
 423 0031 0B       		.uleb128 0xb
 424 0032 03       		.uleb128 0x3
 425 0033 08       		.uleb128 0x8
 426 0034 00       		.byte	0
 427 0035 00       		.byte	0
 428 0036 05       		.uleb128 0x5
 429 0037 16       		.uleb128 0x16
 430 0038 00       		.byte	0
 431 0039 03       		.uleb128 0x3
 432 003a 0E       		.uleb128 0xe
 433 003b 3A       		.uleb128 0x3a
 434 003c 0B       		.uleb128 0xb
 435 003d 3B       		.uleb128 0x3b
 436 003e 05       		.uleb128 0x5
 437 003f 49       		.uleb128 0x49
 438 0040 13       		.uleb128 0x13
 439 0041 00       		.byte	0
 440 0042 00       		.byte	0
 441 0043 06       		.uleb128 0x6
 442 0044 2E       		.uleb128 0x2e
 443 0045 01       		.byte	0x1
 444 0046 3F       		.uleb128 0x3f
 445 0047 19       		.uleb128 0x19
 446 0048 03       		.uleb128 0x3
 447 0049 0E       		.uleb128 0xe
 448 004a 3A       		.uleb128 0x3a
 449 004b 0B       		.uleb128 0xb
 450 004c 3B       		.uleb128 0x3b
 451 004d 0B       		.uleb128 0xb
 452 004e 27       		.uleb128 0x27
 453 004f 19       		.uleb128 0x19
 454 0050 49       		.uleb128 0x49
 455 0051 13       		.uleb128 0x13
 456 0052 8701     		.uleb128 0x87
 457 0054 19       		.uleb128 0x19
 458 0055 11       		.uleb128 0x11
 459 0056 01       		.uleb128 0x1
 460 0057 12       		.uleb128 0x12
ARM GAS  C:\Users\user\AppData\Local\Temp\cc87Rqzx.s 			page 10


 461 0058 06       		.uleb128 0x6
 462 0059 40       		.uleb128 0x40
 463 005a 18       		.uleb128 0x18
 464 005b 9742     		.uleb128 0x2117
 465 005d 19       		.uleb128 0x19
 466 005e 01       		.uleb128 0x1
 467 005f 13       		.uleb128 0x13
 468 0060 00       		.byte	0
 469 0061 00       		.byte	0
 470 0062 07       		.uleb128 0x7
 471 0063 34       		.uleb128 0x34
 472 0064 00       		.byte	0
 473 0065 03       		.uleb128 0x3
 474 0066 0E       		.uleb128 0xe
 475 0067 3A       		.uleb128 0x3a
 476 0068 0B       		.uleb128 0xb
 477 0069 3B       		.uleb128 0x3b
 478 006a 0B       		.uleb128 0xb
 479 006b 49       		.uleb128 0x49
 480 006c 13       		.uleb128 0x13
 481 006d 02       		.uleb128 0x2
 482 006e 18       		.uleb128 0x18
 483 006f 00       		.byte	0
 484 0070 00       		.byte	0
 485 0071 08       		.uleb128 0x8
 486 0072 898201   		.uleb128 0x4109
 487 0075 00       		.byte	0
 488 0076 11       		.uleb128 0x11
 489 0077 01       		.uleb128 0x1
 490 0078 31       		.uleb128 0x31
 491 0079 13       		.uleb128 0x13
 492 007a 00       		.byte	0
 493 007b 00       		.byte	0
 494 007c 09       		.uleb128 0x9
 495 007d 898201   		.uleb128 0x4109
 496 0080 01       		.byte	0x1
 497 0081 11       		.uleb128 0x11
 498 0082 01       		.uleb128 0x1
 499 0083 31       		.uleb128 0x31
 500 0084 13       		.uleb128 0x13
 501 0085 01       		.uleb128 0x1
 502 0086 13       		.uleb128 0x13
 503 0087 00       		.byte	0
 504 0088 00       		.byte	0
 505 0089 0A       		.uleb128 0xa
 506 008a 8A8201   		.uleb128 0x410a
 507 008d 00       		.byte	0
 508 008e 02       		.uleb128 0x2
 509 008f 18       		.uleb128 0x18
 510 0090 9142     		.uleb128 0x2111
 511 0092 18       		.uleb128 0x18
 512 0093 00       		.byte	0
 513 0094 00       		.byte	0
 514 0095 0B       		.uleb128 0xb
 515 0096 898201   		.uleb128 0x4109
 516 0099 01       		.byte	0x1
 517 009a 11       		.uleb128 0x11
ARM GAS  C:\Users\user\AppData\Local\Temp\cc87Rqzx.s 			page 11


 518 009b 01       		.uleb128 0x1
 519 009c 31       		.uleb128 0x31
 520 009d 13       		.uleb128 0x13
 521 009e 00       		.byte	0
 522 009f 00       		.byte	0
 523 00a0 0C       		.uleb128 0xc
 524 00a1 01       		.uleb128 0x1
 525 00a2 01       		.byte	0x1
 526 00a3 49       		.uleb128 0x49
 527 00a4 13       		.uleb128 0x13
 528 00a5 01       		.uleb128 0x1
 529 00a6 13       		.uleb128 0x13
 530 00a7 00       		.byte	0
 531 00a8 00       		.byte	0
 532 00a9 0D       		.uleb128 0xd
 533 00aa 21       		.uleb128 0x21
 534 00ab 00       		.byte	0
 535 00ac 49       		.uleb128 0x49
 536 00ad 13       		.uleb128 0x13
 537 00ae 2F       		.uleb128 0x2f
 538 00af 0B       		.uleb128 0xb
 539 00b0 00       		.byte	0
 540 00b1 00       		.byte	0
 541 00b2 0E       		.uleb128 0xe
 542 00b3 34       		.uleb128 0x34
 543 00b4 00       		.byte	0
 544 00b5 03       		.uleb128 0x3
 545 00b6 0E       		.uleb128 0xe
 546 00b7 3A       		.uleb128 0x3a
 547 00b8 0B       		.uleb128 0xb
 548 00b9 3B       		.uleb128 0x3b
 549 00ba 05       		.uleb128 0x5
 550 00bb 49       		.uleb128 0x49
 551 00bc 13       		.uleb128 0x13
 552 00bd 3F       		.uleb128 0x3f
 553 00be 19       		.uleb128 0x19
 554 00bf 3C       		.uleb128 0x3c
 555 00c0 19       		.uleb128 0x19
 556 00c1 00       		.byte	0
 557 00c2 00       		.byte	0
 558 00c3 0F       		.uleb128 0xf
 559 00c4 35       		.uleb128 0x35
 560 00c5 00       		.byte	0
 561 00c6 49       		.uleb128 0x49
 562 00c7 13       		.uleb128 0x13
 563 00c8 00       		.byte	0
 564 00c9 00       		.byte	0
 565 00ca 10       		.uleb128 0x10
 566 00cb 34       		.uleb128 0x34
 567 00cc 00       		.byte	0
 568 00cd 03       		.uleb128 0x3
 569 00ce 0E       		.uleb128 0xe
 570 00cf 3A       		.uleb128 0x3a
 571 00d0 0B       		.uleb128 0xb
 572 00d1 3B       		.uleb128 0x3b
 573 00d2 0B       		.uleb128 0xb
 574 00d3 49       		.uleb128 0x49
ARM GAS  C:\Users\user\AppData\Local\Temp\cc87Rqzx.s 			page 12


 575 00d4 13       		.uleb128 0x13
 576 00d5 3F       		.uleb128 0x3f
 577 00d6 19       		.uleb128 0x19
 578 00d7 02       		.uleb128 0x2
 579 00d8 18       		.uleb128 0x18
 580 00d9 00       		.byte	0
 581 00da 00       		.byte	0
 582 00db 11       		.uleb128 0x11
 583 00dc 2E       		.uleb128 0x2e
 584 00dd 00       		.byte	0
 585 00de 3F       		.uleb128 0x3f
 586 00df 19       		.uleb128 0x19
 587 00e0 3C       		.uleb128 0x3c
 588 00e1 19       		.uleb128 0x19
 589 00e2 6E       		.uleb128 0x6e
 590 00e3 0E       		.uleb128 0xe
 591 00e4 03       		.uleb128 0x3
 592 00e5 0E       		.uleb128 0xe
 593 00e6 3A       		.uleb128 0x3a
 594 00e7 0B       		.uleb128 0xb
 595 00e8 3B       		.uleb128 0x3b
 596 00e9 0B       		.uleb128 0xb
 597 00ea 00       		.byte	0
 598 00eb 00       		.byte	0
 599 00ec 00       		.byte	0
 600              		.section	.debug_aranges,"",%progbits
 601 0000 1C000000 		.4byte	0x1c
 602 0004 0200     		.2byte	0x2
 603 0006 00000000 		.4byte	.Ldebug_info0
 604 000a 04       		.byte	0x4
 605 000b 00       		.byte	0
 606 000c 0000     		.2byte	0
 607 000e 0000     		.2byte	0
 608 0010 00000000 		.4byte	.LFB64
 609 0014 50000000 		.4byte	.LFE64-.LFB64
 610 0018 00000000 		.4byte	0
 611 001c 00000000 		.4byte	0
 612              		.section	.debug_ranges,"",%progbits
 613              	.Ldebug_ranges0:
 614 0000 00000000 		.4byte	.LFB64
 615 0004 50000000 		.4byte	.LFE64
 616 0008 00000000 		.4byte	0
 617 000c 00000000 		.4byte	0
 618              		.section	.debug_line,"",%progbits
 619              	.Ldebug_line0:
 620 0000 39020000 		.section	.debug_str,"MS",%progbits,1
 620      02001302 
 620      00000201 
 620      FB0E0D00 
 620      01010101 
 621              	.LASF22:
 622 0000 55415254 		.ascii	"UART_1_Start\000"
 622      5F315F53 
 622      74617274 
 622      00
 623              	.LASF4:
 624 000d 5F5F7569 		.ascii	"__uint8_t\000"
ARM GAS  C:\Users\user\AppData\Local\Temp\cc87Rqzx.s 			page 13


 624      6E74385F 
 624      7400
 625              	.LASF36:
 626 0017 75617274 		.ascii	"uart_buffer\000"
 626      5F627566 
 626      66657200 
 627              	.LASF23:
 628 0023 4953525F 		.ascii	"ISR_HC_SR04_1_Start\000"
 628      48435F53 
 628      5230345F 
 628      315F5374 
 628      61727400 
 629              	.LASF5:
 630 0037 5F5F696E 		.ascii	"__int32_t\000"
 630      7433325F 
 630      7400
 631              	.LASF3:
 632 0041 73686F72 		.ascii	"short unsigned int\000"
 632      7420756E 
 632      7369676E 
 632      65642069 
 632      6E7400
 633              	.LASF28:
 634 0054 55415254 		.ascii	"UART_1_ReadTxStatus\000"
 634      5F315F52 
 634      65616454 
 634      78537461 
 634      74757300 
 635              	.LASF25:
 636 0068 536F6E69 		.ascii	"SonicClock_Start\000"
 636      63436C6F 
 636      636B5F53 
 636      74617274 
 636      00
 637              	.LASF14:
 638 0079 666C6F61 		.ascii	"float\000"
 638      7400
 639              	.LASF13:
 640 007f 75696E74 		.ascii	"uint8\000"
 640      3800
 641              	.LASF1:
 642 0085 756E7369 		.ascii	"unsigned char\000"
 642      676E6564 
 642      20636861 
 642      7200
 643              	.LASF32:
 644 0093 474E5520 		.ascii	"GNU C11 5.4.1 20160609 (release) [ARM/embedded-5-br"
 644      43313120 
 644      352E342E 
 644      31203230 
 644      31363036 
 645 00c6 616E6368 		.ascii	"anch revision 237715] -mcpu=cortex-m3 -mthumb -g -O"
 645      20726576 
 645      6973696F 
 645      6E203233 
 645      37373135 
 646 00f9 67202D66 		.ascii	"g -ffunction-sections -ffat-lto-objects\000"
ARM GAS  C:\Users\user\AppData\Local\Temp\cc87Rqzx.s 			page 14


 646      66756E63 
 646      74696F6E 
 646      2D736563 
 646      74696F6E 
 647              	.LASF7:
 648 0121 6C6F6E67 		.ascii	"long unsigned int\000"
 648      20756E73 
 648      69676E65 
 648      6420696E 
 648      7400
 649              	.LASF27:
 650 0133 50574D5F 		.ascii	"PWM_1_Start\000"
 650      315F5374 
 650      61727400 
 651              	.LASF19:
 652 013f 49544D5F 		.ascii	"ITM_RxBuffer\000"
 652      52784275 
 652      66666572 
 652      00
 653              	.LASF15:
 654 014c 646F7562 		.ascii	"double\000"
 654      6C6500
 655              	.LASF35:
 656 0153 6D61696E 		.ascii	"main\000"
 656      00
 657              	.LASF10:
 658 0158 756E7369 		.ascii	"unsigned int\000"
 658      676E6564 
 658      20696E74 
 658      00
 659              	.LASF9:
 660 0165 6C6F6E67 		.ascii	"long long unsigned int\000"
 660      206C6F6E 
 660      6720756E 
 660      7369676E 
 660      65642069 
 661              	.LASF11:
 662 017c 75696E74 		.ascii	"uint8_t\000"
 662      385F7400 
 663              	.LASF20:
 664 0184 48435F53 		.ascii	"HC_SR01_Distance\000"
 664      5230315F 
 664      44697374 
 664      616E6365 
 664      00
 665              	.LASF12:
 666 0195 696E7433 		.ascii	"int32_t\000"
 666      325F7400 
 667              	.LASF18:
 668 019d 73697A65 		.ascii	"sizetype\000"
 668      74797065 
 668      00
 669              	.LASF8:
 670 01a6 6C6F6E67 		.ascii	"long long int\000"
 670      206C6F6E 
 670      6720696E 
 670      7400
ARM GAS  C:\Users\user\AppData\Local\Temp\cc87Rqzx.s 			page 15


 671              	.LASF33:
 672 01b4 6D61696E 		.ascii	"main.c\000"
 672      2E6300
 673              	.LASF16:
 674 01bb 63686172 		.ascii	"char\000"
 674      00
 675              	.LASF26:
 676 01c0 50574D5F 		.ascii	"PWM_CLOCK_Start\000"
 676      434C4F43 
 676      4B5F5374 
 676      61727400 
 677              	.LASF2:
 678 01d0 73686F72 		.ascii	"short int\000"
 678      7420696E 
 678      7400
 679              	.LASF24:
 680 01da 55415254 		.ascii	"UART_1_ClearTxBuffer\000"
 680      5F315F43 
 680      6C656172 
 680      54784275 
 680      66666572 
 681              	.LASF6:
 682 01ef 6C6F6E67 		.ascii	"long int\000"
 682      20696E74 
 682      00
 683              	.LASF21:
 684 01f8 55415254 		.ascii	"UART_1_Enable\000"
 684      5F315F45 
 684      6E61626C 
 684      6500
 685              	.LASF17:
 686 0206 6C6F6E67 		.ascii	"long double\000"
 686      20646F75 
 686      626C6500 
 687              	.LASF34:
 688 0212 433A5C64 		.ascii	"C:\\data\\GitHub\\rear-driving-camera\\Cypress\\rea"
 688      6174615C 
 688      47697448 
 688      75625C72 
 688      6561722D 
 689 0240 725F6472 		.ascii	"r_drive_camera\\rear_drive_camera\\rear_drive_camer"
 689      6976655F 
 689      63616D65 
 689      72615C72 
 689      6561725F 
 690 0271 615F3031 		.ascii	"a_01.cydsn\000"
 690      2E637964 
 690      736E00
 691              	.LASF0:
 692 027c 7369676E 		.ascii	"signed char\000"
 692      65642063 
 692      68617200 
 693              	.LASF31:
 694 0288 55415254 		.ascii	"UART_1_PutString\000"
 694      5F315F50 
 694      75745374 
 694      72696E67 
ARM GAS  C:\Users\user\AppData\Local\Temp\cc87Rqzx.s 			page 16


 694      00
 695              	.LASF30:
 696 0299 73707269 		.ascii	"sprintf\000"
 696      6E746600 
 697              	.LASF29:
 698 02a1 43794465 		.ascii	"CyDelay\000"
 698      6C617900 
 699              		.ident	"GCC: (GNU Tools for ARM Embedded Processors) 5.4.1 20160609 (release) [ARM/embedded-5-bran
